<?xml version="1.0" encoding="UTF-8"?>
<testsuite name="com.sw.spring.sungwookspring.web.IndexControllerTest" tests="1" skipped="0" failures="0" errors="0" timestamp="2021-03-02T11:29:23" hostname="DESKTOP-T9AM5R6" time="0.072">
  <properties/>
  <testcase name="메인페이지_로딩()" classname="com.sw.spring.sungwookspring.web.IndexControllerTest" time="0.072"/>
  <system-out><![CDATA[2021-03-02 20:29:23.598  INFO 13580 --- [    Test worker] .b.t.c.SpringBootTestContextBootstrapper : Neither @ContextConfiguration nor @ContextHierarchy found for test class [com.sw.spring.sungwookspring.web.IndexControllerTest], using SpringBootContextLoader
2021-03-02 20:29:23.599  INFO 13580 --- [    Test worker] o.s.t.c.support.AbstractContextLoader    : Could not detect default resource locations for test class [com.sw.spring.sungwookspring.web.IndexControllerTest]: no resource found for suffixes {-context.xml, Context.groovy}.
2021-03-02 20:29:23.599  INFO 13580 --- [    Test worker] t.c.s.AnnotationConfigContextLoaderUtils : Could not detect default configuration classes for test class [com.sw.spring.sungwookspring.web.IndexControllerTest]: IndexControllerTest does not declare any static, non-private, non-final, nested classes annotated with @Configuration.
2021-03-02 20:29:23.601  INFO 13580 --- [    Test worker] .b.t.c.SpringBootTestContextBootstrapper : Found @SpringBootConfiguration com.sw.spring.sungwookspring.Application for test class com.sw.spring.sungwookspring.web.IndexControllerTest
2021-03-02 20:29:23.602  INFO 13580 --- [    Test worker] .b.t.c.SpringBootTestContextBootstrapper : Loaded default TestExecutionListener class names from location [META-INF/spring.factories]: [org.springframework.security.test.context.support.WithSecurityContextTestExecutionListener, org.springframework.security.test.context.support.ReactorContextTestExecutionListener, org.springframework.boot.test.autoconfigure.restdocs.RestDocsTestExecutionListener, org.springframework.boot.test.autoconfigure.web.client.MockRestServiceServerResetTestExecutionListener, org.springframework.boot.test.autoconfigure.web.servlet.MockMvcPrintOnlyOnFailureTestExecutionListener, org.springframework.boot.test.autoconfigure.web.servlet.WebDriverTestExecutionListener, org.springframework.boot.test.autoconfigure.webservices.client.MockWebServiceServerTestExecutionListener, org.springframework.boot.test.mock.mockito.MockitoTestExecutionListener, org.springframework.boot.test.mock.mockito.ResetMocksTestExecutionListener, org.springframework.test.context.web.ServletTestExecutionListener, org.springframework.test.context.support.DirtiesContextBeforeModesTestExecutionListener, org.springframework.test.context.support.DependencyInjectionTestExecutionListener, org.springframework.test.context.support.DirtiesContextTestExecutionListener, org.springframework.test.context.transaction.TransactionalTestExecutionListener, org.springframework.test.context.jdbc.SqlScriptsTestExecutionListener, org.springframework.test.context.event.EventPublishingTestExecutionListener]
2021-03-02 20:29:23.603  INFO 13580 --- [    Test worker] .b.t.c.SpringBootTestContextBootstrapper : Using TestExecutionListeners: [org.springframework.test.context.web.ServletTestExecutionListener@35cc391f, org.springframework.test.context.support.DirtiesContextBeforeModesTestExecutionListener@98519e, org.springframework.boot.test.mock.mockito.MockitoTestExecutionListener@2d69b2ee, org.springframework.boot.test.autoconfigure.SpringBootDependencyInjectionTestExecutionListener@4265f8e3, org.springframework.test.context.support.DirtiesContextTestExecutionListener@16352571, org.springframework.test.context.transaction.TransactionalTestExecutionListener@54638288, org.springframework.test.context.jdbc.SqlScriptsTestExecutionListener@34fda428, org.springframework.security.test.context.support.WithSecurityContextTestExecutionListener@59b2f0b4, org.springframework.test.context.event.EventPublishingTestExecutionListener@6693485e, org.springframework.security.test.context.support.ReactorContextTestExecutionListener@2e2cf1c6, org.springframework.boot.test.autoconfigure.restdocs.RestDocsTestExecutionListener@77a9dccf, org.springframework.boot.test.autoconfigure.web.client.MockRestServiceServerResetTestExecutionListener@3950a5de, org.springframework.boot.test.autoconfigure.web.servlet.MockMvcPrintOnlyOnFailureTestExecutionListener@457dcb12, org.springframework.boot.test.autoconfigure.web.servlet.WebDriverTestExecutionListener@c16b0ba, org.springframework.boot.test.autoconfigure.webservices.client.MockWebServiceServerTestExecutionListener@35e05a53, org.springframework.boot.test.mock.mockito.ResetMocksTestExecutionListener@9226764]
Hibernate: select posts0_.id as id1_0_, posts0_.created_date as created_2_0_, posts0_.modified_date as modified3_0_, posts0_.author as author4_0_, posts0_.content as content5_0_, posts0_.title as title6_0_ from posts posts0_ order by posts0_.id DESC
]]></system-out>
  <system-err><![CDATA[]]></system-err>
</testsuite>
