<?xml version="1.0" encoding="UTF-8"?>
<testsuite name="com.sw.spring.sungwookspring.web.ProfileControllerTest" tests="1" skipped="0" failures="0" errors="0" timestamp="2021-03-02T13:13:35" hostname="DESKTOP-T9AM5R6" time="0.015">
  <properties/>
  <testcase name="profile은_인증없이_호출된다()" classname="com.sw.spring.sungwookspring.web.ProfileControllerTest" time="0.015"/>
  <system-out><![CDATA[2021-03-02 22:13:35.168  INFO 1452 --- [    Test worker] .b.t.c.SpringBootTestContextBootstrapper : Neither @ContextConfiguration nor @ContextHierarchy found for test class [com.sw.spring.sungwookspring.web.ProfileControllerTest], using SpringBootContextLoader
2021-03-02 22:13:35.169  INFO 1452 --- [    Test worker] o.s.t.c.support.AbstractContextLoader    : Could not detect default resource locations for test class [com.sw.spring.sungwookspring.web.ProfileControllerTest]: no resource found for suffixes {-context.xml, Context.groovy}.
2021-03-02 22:13:35.169  INFO 1452 --- [    Test worker] t.c.s.AnnotationConfigContextLoaderUtils : Could not detect default configuration classes for test class [com.sw.spring.sungwookspring.web.ProfileControllerTest]: ProfileControllerTest does not declare any static, non-private, non-final, nested classes annotated with @Configuration.
2021-03-02 22:13:35.171  INFO 1452 --- [    Test worker] .b.t.c.SpringBootTestContextBootstrapper : Found @SpringBootConfiguration com.sw.spring.sungwookspring.Application for test class com.sw.spring.sungwookspring.web.ProfileControllerTest
2021-03-02 22:13:35.172  INFO 1452 --- [    Test worker] .b.t.c.SpringBootTestContextBootstrapper : Loaded default TestExecutionListener class names from location [META-INF/spring.factories]: [org.springframework.security.test.context.support.WithSecurityContextTestExecutionListener, org.springframework.security.test.context.support.ReactorContextTestExecutionListener, org.springframework.boot.test.autoconfigure.restdocs.RestDocsTestExecutionListener, org.springframework.boot.test.autoconfigure.web.client.MockRestServiceServerResetTestExecutionListener, org.springframework.boot.test.autoconfigure.web.servlet.MockMvcPrintOnlyOnFailureTestExecutionListener, org.springframework.boot.test.autoconfigure.web.servlet.WebDriverTestExecutionListener, org.springframework.boot.test.autoconfigure.webservices.client.MockWebServiceServerTestExecutionListener, org.springframework.boot.test.mock.mockito.MockitoTestExecutionListener, org.springframework.boot.test.mock.mockito.ResetMocksTestExecutionListener, org.springframework.test.context.web.ServletTestExecutionListener, org.springframework.test.context.support.DirtiesContextBeforeModesTestExecutionListener, org.springframework.test.context.support.DependencyInjectionTestExecutionListener, org.springframework.test.context.support.DirtiesContextTestExecutionListener, org.springframework.test.context.transaction.TransactionalTestExecutionListener, org.springframework.test.context.jdbc.SqlScriptsTestExecutionListener, org.springframework.test.context.event.EventPublishingTestExecutionListener]
2021-03-02 22:13:35.173  INFO 1452 --- [    Test worker] .b.t.c.SpringBootTestContextBootstrapper : Using TestExecutionListeners: [org.springframework.test.context.web.ServletTestExecutionListener@37b6f371, org.springframework.test.context.support.DirtiesContextBeforeModesTestExecutionListener@ae8b22c, org.springframework.boot.test.mock.mockito.MockitoTestExecutionListener@518ab17f, org.springframework.boot.test.autoconfigure.SpringBootDependencyInjectionTestExecutionListener@4a1308da, org.springframework.test.context.support.DirtiesContextTestExecutionListener@4a3e4792, org.springframework.test.context.transaction.TransactionalTestExecutionListener@508f52b, org.springframework.test.context.jdbc.SqlScriptsTestExecutionListener@10dadbc, org.springframework.security.test.context.support.WithSecurityContextTestExecutionListener@530a309f, org.springframework.test.context.event.EventPublishingTestExecutionListener@6b30ffbb, org.springframework.security.test.context.support.ReactorContextTestExecutionListener@2953ee5b, org.springframework.boot.test.autoconfigure.restdocs.RestDocsTestExecutionListener@45dfc680, org.springframework.boot.test.autoconfigure.web.client.MockRestServiceServerResetTestExecutionListener@47d3986c, org.springframework.boot.test.autoconfigure.web.servlet.MockMvcPrintOnlyOnFailureTestExecutionListener@2b727a0a, org.springframework.boot.test.autoconfigure.web.servlet.WebDriverTestExecutionListener@1de56809, org.springframework.boot.test.autoconfigure.webservices.client.MockWebServiceServerTestExecutionListener@263556f3, org.springframework.boot.test.mock.mockito.ResetMocksTestExecutionListener@7dfeaaa1]
]]></system-out>
  <system-err><![CDATA[]]></system-err>
</testsuite>
