<?xml version="1.0" encoding="UTF-8"?>
<testsuite name="com.sw.spring.sungwookspring.domain.posts.PostRepositoryTest" tests="2" skipped="0" failures="0" errors="0" timestamp="2021-02-28T17:08:35" hostname="DESKTOP-T9AM5R6" time="0.331">
  <properties/>
  <testcase name="게시글저장_불러오기()" classname="com.sw.spring.sungwookspring.domain.posts.PostRepositoryTest" time="0.312"/>
  <testcase name="BaseTimeEntity_등록()" classname="com.sw.spring.sungwookspring.domain.posts.PostRepositoryTest" time="0.018"/>
  <system-out><![CDATA[02:08:29.020 [Test worker] DEBUG org.springframework.test.context.BootstrapUtils - Instantiating CacheAwareContextLoaderDelegate from class [org.springframework.test.context.cache.DefaultCacheAwareContextLoaderDelegate]
02:08:29.039 [Test worker] DEBUG org.springframework.test.context.BootstrapUtils - Instantiating BootstrapContext using constructor [public org.springframework.test.context.support.DefaultBootstrapContext(java.lang.Class,org.springframework.test.context.CacheAwareContextLoaderDelegate)]
02:08:29.082 [Test worker] DEBUG org.springframework.test.context.BootstrapUtils - Instantiating TestContextBootstrapper for test class [com.sw.spring.sungwookspring.domain.posts.PostRepositoryTest] from class [org.springframework.boot.test.context.SpringBootTestContextBootstrapper]
02:08:29.105 [Test worker] INFO org.springframework.boot.test.context.SpringBootTestContextBootstrapper - Neither @ContextConfiguration nor @ContextHierarchy found for test class [com.sw.spring.sungwookspring.domain.posts.PostRepositoryTest], using SpringBootContextLoader
02:08:29.111 [Test worker] DEBUG org.springframework.test.context.support.AbstractContextLoader - Did not detect default resource location for test class [com.sw.spring.sungwookspring.domain.posts.PostRepositoryTest]: class path resource [com/sw/spring/sungwookspring/domain/posts/PostRepositoryTest-context.xml] does not exist
02:08:29.111 [Test worker] DEBUG org.springframework.test.context.support.AbstractContextLoader - Did not detect default resource location for test class [com.sw.spring.sungwookspring.domain.posts.PostRepositoryTest]: class path resource [com/sw/spring/sungwookspring/domain/posts/PostRepositoryTestContext.groovy] does not exist
02:08:29.111 [Test worker] INFO org.springframework.test.context.support.AbstractContextLoader - Could not detect default resource locations for test class [com.sw.spring.sungwookspring.domain.posts.PostRepositoryTest]: no resource found for suffixes {-context.xml, Context.groovy}.
02:08:29.112 [Test worker] INFO org.springframework.test.context.support.AnnotationConfigContextLoaderUtils - Could not detect default configuration classes for test class [com.sw.spring.sungwookspring.domain.posts.PostRepositoryTest]: PostRepositoryTest does not declare any static, non-private, non-final, nested classes annotated with @Configuration.
02:08:29.163 [Test worker] DEBUG org.springframework.test.context.support.ActiveProfilesUtils - Could not find an 'annotation declaring class' for annotation type [org.springframework.test.context.ActiveProfiles] and class [com.sw.spring.sungwookspring.domain.posts.PostRepositoryTest]
02:08:29.240 [Test worker] DEBUG org.springframework.context.annotation.ClassPathScanningCandidateComponentProvider - Identified candidate component class: file [C:\Users\jsung\Desktop\Spring\sungwook\build\classes\java\main\com\sw\spring\sungwookspring\Application.class]
02:08:29.242 [Test worker] INFO org.springframework.boot.test.context.SpringBootTestContextBootstrapper - Found @SpringBootConfiguration com.sw.spring.sungwookspring.Application for test class com.sw.spring.sungwookspring.domain.posts.PostRepositoryTest
02:08:29.368 [Test worker] DEBUG org.springframework.boot.test.context.SpringBootTestContextBootstrapper - @TestExecutionListeners is not present for class [com.sw.spring.sungwookspring.domain.posts.PostRepositoryTest]: using defaults.
02:08:29.368 [Test worker] INFO org.springframework.boot.test.context.SpringBootTestContextBootstrapper - Loaded default TestExecutionListener class names from location [META-INF/spring.factories]: [org.springframework.security.test.context.support.WithSecurityContextTestExecutionListener, org.springframework.security.test.context.support.ReactorContextTestExecutionListener, org.springframework.boot.test.autoconfigure.restdocs.RestDocsTestExecutionListener, org.springframework.boot.test.autoconfigure.web.client.MockRestServiceServerResetTestExecutionListener, org.springframework.boot.test.autoconfigure.web.servlet.MockMvcPrintOnlyOnFailureTestExecutionListener, org.springframework.boot.test.autoconfigure.web.servlet.WebDriverTestExecutionListener, org.springframework.boot.test.autoconfigure.webservices.client.MockWebServiceServerTestExecutionListener, org.springframework.boot.test.mock.mockito.MockitoTestExecutionListener, org.springframework.boot.test.mock.mockito.ResetMocksTestExecutionListener, org.springframework.test.context.web.ServletTestExecutionListener, org.springframework.test.context.support.DirtiesContextBeforeModesTestExecutionListener, org.springframework.test.context.support.DependencyInjectionTestExecutionListener, org.springframework.test.context.support.DirtiesContextTestExecutionListener, org.springframework.test.context.transaction.TransactionalTestExecutionListener, org.springframework.test.context.jdbc.SqlScriptsTestExecutionListener, org.springframework.test.context.event.EventPublishingTestExecutionListener]
02:08:29.395 [Test worker] INFO org.springframework.boot.test.context.SpringBootTestContextBootstrapper - Using TestExecutionListeners: [org.springframework.test.context.web.ServletTestExecutionListener@2ec05cc5, org.springframework.test.context.support.DirtiesContextBeforeModesTestExecutionListener@9b88a35, org.springframework.boot.test.mock.mockito.MockitoTestExecutionListener@4f058ca1, org.springframework.boot.test.autoconfigure.SpringBootDependencyInjectionTestExecutionListener@4f7e0625, org.springframework.test.context.support.DirtiesContextTestExecutionListener@63f44d7b, org.springframework.test.context.transaction.TransactionalTestExecutionListener@2e508a12, org.springframework.test.context.jdbc.SqlScriptsTestExecutionListener@4d536bfd, org.springframework.security.test.context.support.WithSecurityContextTestExecutionListener@7223035c, org.springframework.test.context.event.EventPublishingTestExecutionListener@337d07f6, org.springframework.security.test.context.support.ReactorContextTestExecutionListener@19d70b91, org.springframework.boot.test.autoconfigure.restdocs.RestDocsTestExecutionListener@4f0d87d5, org.springframework.boot.test.autoconfigure.web.client.MockRestServiceServerResetTestExecutionListener@255e448b, org.springframework.boot.test.autoconfigure.web.servlet.MockMvcPrintOnlyOnFailureTestExecutionListener@7e47a561, org.springframework.boot.test.autoconfigure.web.servlet.WebDriverTestExecutionListener@5f6db2bb, org.springframework.boot.test.autoconfigure.webservices.client.MockWebServiceServerTestExecutionListener@7cfda5ac, org.springframework.boot.test.mock.mockito.ResetMocksTestExecutionListener@2bd0dca4]
02:08:29.401 [Test worker] DEBUG org.springframework.test.context.support.AbstractDirtiesContextTestExecutionListener - Before test class: context [DefaultTestContext@5c868532 testClass = PostRepositoryTest, testInstance = [null], testMethod = [null], testException = [null], mergedContextConfiguration = [WebMergedContextConfiguration@7477393 testClass = PostRepositoryTest, locations = '{}', classes = '{class com.sw.spring.sungwookspring.Application}', contextInitializerClasses = '[]', activeProfiles = '{}', propertySourceLocations = '{}', propertySourceProperties = '{org.springframework.boot.test.context.SpringBootTestContextBootstrapper=true}', contextCustomizers = set[org.springframework.boot.test.autoconfigure.actuate.metrics.MetricsExportContextCustomizerFactory$DisableMetricExportContextCustomizer@57a5c4d0, org.springframework.boot.test.autoconfigure.properties.PropertyMappingContextCustomizer@0, org.springframework.boot.test.autoconfigure.web.servlet.WebDriverContextCustomizerFactory$Customizer@2e3737a4, org.springframework.boot.test.context.filter.ExcludeFilterContextCustomizer@5a255fbb, org.springframework.boot.test.json.DuplicateJsonObjectContextCustomizerFactory$DuplicateJsonObjectContextCustomizer@4fcef7e8, org.springframework.boot.test.mock.mockito.MockitoContextCustomizer@0, org.springframework.boot.test.web.client.TestRestTemplateContextCustomizer@1a5229a7, org.springframework.boot.test.context.SpringBootTestArgs@1, org.springframework.boot.test.context.SpringBootTestWebEnvironment@37e75e3c], resourceBasePath = 'src/main/webapp', contextLoader = 'org.springframework.boot.test.context.SpringBootContextLoader', parent = [null]], attributes = map['org.springframework.test.context.web.ServletTestExecutionListener.activateListener' -> true]], class annotated with @DirtiesContext [false] with mode [null].
02:08:29.438 [Test worker] DEBUG org.springframework.test.context.support.TestPropertySourceUtils - Adding inlined properties to environment: {spring.jmx.enabled=false, org.springframework.boot.test.context.SpringBootTestContextBootstrapper=true}

  .   ____          _            __ _ _
 /\\ / ___'_ __ _ _(_)_ __  __ _ \ \ \ \
( ( )\___ | '_ | '_| | '_ \/ _` | \ \ \ \
 \\/  ___)| |_)| | | | | || (_| |  ) ) ) )
  '  |____| .__|_| |_|_| |_\__, | / / / /
 =========|_|==============|___/=/_/_/_/
 :: Spring Boot ::                (v2.4.1)

2021-03-01 02:08:29.770  INFO 9964 --- [    Test worker] c.s.s.s.domain.posts.PostRepositoryTest  : Starting PostRepositoryTest using Java 1.8.0_281 on DESKTOP-T9AM5R6 with PID 9964 (started by jsung in C:\Users\jsung\Desktop\Spring\sungwook)
2021-03-01 02:08:29.771  INFO 9964 --- [    Test worker] c.s.s.s.domain.posts.PostRepositoryTest  : The following profiles are active: oauth
2021-03-01 02:08:30.616  INFO 9964 --- [    Test worker] .s.d.r.c.RepositoryConfigurationDelegate : Bootstrapping Spring Data JPA repositories in DEFAULT mode.
2021-03-01 02:08:30.710  INFO 9964 --- [    Test worker] .s.d.r.c.RepositoryConfigurationDelegate : Finished Spring Data repository scanning in 82 ms. Found 2 JPA repository interfaces.
2021-03-01 02:08:31.392  INFO 9964 --- [    Test worker] com.zaxxer.hikari.HikariDataSource       : HikariPool-1 - Starting...
2021-03-01 02:08:31.696  INFO 9964 --- [    Test worker] com.zaxxer.hikari.HikariDataSource       : HikariPool-1 - Start completed.
2021-03-01 02:08:31.787  INFO 9964 --- [    Test worker] o.hibernate.jpa.internal.util.LogHelper  : HHH000204: Processing PersistenceUnitInfo [name: default]
2021-03-01 02:08:31.877  INFO 9964 --- [    Test worker] org.hibernate.Version                    : HHH000412: Hibernate ORM core version 5.4.25.Final
2021-03-01 02:08:32.107  INFO 9964 --- [    Test worker] o.hibernate.annotations.common.Version   : HCANN000001: Hibernate Commons Annotations {5.1.2.Final}
2021-03-01 02:08:32.282  INFO 9964 --- [    Test worker] org.hibernate.dialect.Dialect            : HHH000400: Using dialect: org.hibernate.dialect.MySQL57Dialect
Hibernate: drop table if exists posts
Hibernate: drop table if exists user
Hibernate: create table posts (id bigint not null auto_increment, created_date datetime(6), modified_date datetime(6), author varchar(255), content TEXT not null, title varchar(500) not null, primary key (id)) engine=InnoDB
Hibernate: create table user (id bigint not null auto_increment, created_date datetime(6), modified_date datetime(6), email varchar(255) not null, name varchar(255) not null, picture varchar(255), role varchar(255) not null, primary key (id)) engine=InnoDB
2021-03-01 02:08:33.135  INFO 9964 --- [    Test worker] o.h.e.t.j.p.i.JtaPlatformInitiator       : HHH000490: Using JtaPlatform implementation: [org.hibernate.engine.transaction.jta.platform.internal.NoJtaPlatform]
2021-03-01 02:08:33.146  INFO 9964 --- [    Test worker] j.LocalContainerEntityManagerFactoryBean : Initialized JPA EntityManagerFactory for persistence unit 'default'
2021-03-01 02:08:33.794  WARN 9964 --- [    Test worker] JpaBaseConfiguration$JpaWebConfiguration : spring.jpa.open-in-view is enabled by default. Therefore, database queries may be performed during view rendering. Explicitly configure spring.jpa.open-in-view to disable this warning
2021-03-01 02:08:34.573  INFO 9964 --- [    Test worker] o.s.s.web.DefaultSecurityFilterChain     : Will secure any request with [org.springframework.security.web.context.request.async.WebAsyncManagerIntegrationFilter@49cb6ede, org.springframework.security.web.context.SecurityContextPersistenceFilter@5de1c066, org.springframework.security.web.header.HeaderWriterFilter@bf1cf0e, org.springframework.security.web.authentication.logout.LogoutFilter@421d7327, org.springframework.security.oauth2.client.web.OAuth2AuthorizationRequestRedirectFilter@129e016, org.springframework.security.oauth2.client.web.OAuth2LoginAuthenticationFilter@79f6898, org.springframework.security.web.authentication.ui.DefaultLoginPageGeneratingFilter@29ae146f, org.springframework.security.web.authentication.ui.DefaultLogoutPageGeneratingFilter@7fb5762b, org.springframework.security.web.savedrequest.RequestCacheAwareFilter@4a3503dc, org.springframework.security.web.servletapi.SecurityContextHolderAwareRequestFilter@5b48aaa6, org.springframework.security.web.authentication.AnonymousAuthenticationFilter@5bc00115, org.springframework.security.web.session.SessionManagementFilter@28f67dfb, org.springframework.security.web.access.ExceptionTranslationFilter@1d9f453e, org.springframework.security.web.access.intercept.FilterSecurityInterceptor@133f9082]
2021-03-01 02:08:35.060  INFO 9964 --- [    Test worker] o.s.s.concurrent.ThreadPoolTaskExecutor  : Initializing ExecutorService 'applicationTaskExecutor'
2021-03-01 02:08:35.127  INFO 9964 --- [    Test worker] o.s.b.a.h2.H2ConsoleAutoConfiguration    : H2 console available at '/h2-console'. Database available at 'jdbc:h2:mem:testdb'
2021-03-01 02:08:35.198  INFO 9964 --- [    Test worker] o.s.b.a.w.s.WelcomePageHandlerMapping    : Adding welcome page template: index
2021-03-01 02:08:35.686  INFO 9964 --- [    Test worker] s.a.ScheduledAnnotationBeanPostProcessor : No TaskScheduler/ScheduledExecutorService bean found for scheduled processing
2021-03-01 02:08:35.698  INFO 9964 --- [    Test worker] c.s.s.s.domain.posts.PostRepositoryTest  : Started PostRepositoryTest in 6.251 seconds (JVM running for 7.73)
Hibernate: insert into posts (created_date, modified_date, author, content, title) values (?, ?, ?, ?, ?)
Hibernate: select posts0_.id as id1_0_, posts0_.created_date as created_2_0_, posts0_.modified_date as modified3_0_, posts0_.author as author4_0_, posts0_.content as content5_0_, posts0_.title as title6_0_ from posts posts0_
Hibernate: select posts0_.id as id1_0_, posts0_.created_date as created_2_0_, posts0_.modified_date as modified3_0_, posts0_.author as author4_0_, posts0_.content as content5_0_, posts0_.title as title6_0_ from posts posts0_
Hibernate: delete from posts where id=?
Hibernate: insert into posts (created_date, modified_date, author, content, title) values (?, ?, ?, ?, ?)
Hibernate: select posts0_.id as id1_0_, posts0_.created_date as created_2_0_, posts0_.modified_date as modified3_0_, posts0_.author as author4_0_, posts0_.content as content5_0_, posts0_.title as title6_0_ from posts posts0_
>>>>>>>>>>>>>> createDate=2021-03-01T02:08:36.035, modifiedDate=2021-03-01T02:08:36.035
Hibernate: select posts0_.id as id1_0_, posts0_.created_date as created_2_0_, posts0_.modified_date as modified3_0_, posts0_.author as author4_0_, posts0_.content as content5_0_, posts0_.title as title6_0_ from posts posts0_
Hibernate: delete from posts where id=?
]]></system-out>
  <system-err><![CDATA[]]></system-err>
</testsuite>
