<?xml version="1.0" encoding="UTF-8"?>
<testsuite name="com.sw.spring.sungwookspring.web.HelloControllerTest" tests="2" skipped="0" failures="0" errors="0" timestamp="2021-02-25T10:12:58" hostname="DESKTOP-T9AM5R6" time="0.401">
  <properties/>
  <testcase name="hello가_리턴된다()" classname="com.sw.spring.sungwookspring.web.HelloControllerTest" time="0.296"/>
  <testcase name="helloDto가_리턴된다()" classname="com.sw.spring.sungwookspring.web.HelloControllerTest" time="0.104"/>
  <system-out><![CDATA[19:12:55.638 [Test worker] DEBUG org.springframework.test.context.BootstrapUtils - Instantiating CacheAwareContextLoaderDelegate from class [org.springframework.test.context.cache.DefaultCacheAwareContextLoaderDelegate]
19:12:55.654 [Test worker] DEBUG org.springframework.test.context.BootstrapUtils - Instantiating BootstrapContext using constructor [public org.springframework.test.context.support.DefaultBootstrapContext(java.lang.Class,org.springframework.test.context.CacheAwareContextLoaderDelegate)]
19:12:55.701 [Test worker] DEBUG org.springframework.test.context.BootstrapUtils - Instantiating TestContextBootstrapper for test class [com.sw.spring.sungwookspring.web.HelloControllerTest] from class [org.springframework.boot.test.autoconfigure.web.servlet.WebMvcTestContextBootstrapper]
19:12:55.725 [Test worker] INFO org.springframework.boot.test.autoconfigure.web.servlet.WebMvcTestContextBootstrapper - Neither @ContextConfiguration nor @ContextHierarchy found for test class [com.sw.spring.sungwookspring.web.HelloControllerTest], using SpringBootContextLoader
19:12:55.730 [Test worker] DEBUG org.springframework.test.context.support.AbstractContextLoader - Did not detect default resource location for test class [com.sw.spring.sungwookspring.web.HelloControllerTest]: class path resource [com/sw/spring/sungwookspring/web/HelloControllerTest-context.xml] does not exist
19:12:55.730 [Test worker] DEBUG org.springframework.test.context.support.AbstractContextLoader - Did not detect default resource location for test class [com.sw.spring.sungwookspring.web.HelloControllerTest]: class path resource [com/sw/spring/sungwookspring/web/HelloControllerTestContext.groovy] does not exist
19:12:55.730 [Test worker] INFO org.springframework.test.context.support.AbstractContextLoader - Could not detect default resource locations for test class [com.sw.spring.sungwookspring.web.HelloControllerTest]: no resource found for suffixes {-context.xml, Context.groovy}.
19:12:55.731 [Test worker] INFO org.springframework.test.context.support.AnnotationConfigContextLoaderUtils - Could not detect default configuration classes for test class [com.sw.spring.sungwookspring.web.HelloControllerTest]: HelloControllerTest does not declare any static, non-private, non-final, nested classes annotated with @Configuration.
19:12:55.816 [Test worker] DEBUG org.springframework.test.context.support.ActiveProfilesUtils - Could not find an 'annotation declaring class' for annotation type [org.springframework.test.context.ActiveProfiles] and class [com.sw.spring.sungwookspring.web.HelloControllerTest]
19:12:55.894 [Test worker] DEBUG org.springframework.context.annotation.ClassPathScanningCandidateComponentProvider - Identified candidate component class: file [C:\Users\jsung\Desktop\Spring\sungwook\build\classes\java\main\com\sw\spring\sungwookspring\Application.class]
19:12:55.896 [Test worker] INFO org.springframework.boot.test.context.SpringBootTestContextBootstrapper - Found @SpringBootConfiguration com.sw.spring.sungwookspring.Application for test class com.sw.spring.sungwookspring.web.HelloControllerTest
19:12:55.899 [Test worker] DEBUG org.springframework.boot.test.autoconfigure.web.servlet.WebMvcTestContextBootstrapper - @TestExecutionListeners is not present for class [com.sw.spring.sungwookspring.web.HelloControllerTest]: using defaults.
19:12:55.899 [Test worker] INFO org.springframework.boot.test.autoconfigure.web.servlet.WebMvcTestContextBootstrapper - Loaded default TestExecutionListener class names from location [META-INF/spring.factories]: [org.springframework.security.test.context.support.WithSecurityContextTestExecutionListener, org.springframework.security.test.context.support.ReactorContextTestExecutionListener, org.springframework.boot.test.autoconfigure.restdocs.RestDocsTestExecutionListener, org.springframework.boot.test.autoconfigure.web.client.MockRestServiceServerResetTestExecutionListener, org.springframework.boot.test.autoconfigure.web.servlet.MockMvcPrintOnlyOnFailureTestExecutionListener, org.springframework.boot.test.autoconfigure.web.servlet.WebDriverTestExecutionListener, org.springframework.boot.test.autoconfigure.webservices.client.MockWebServiceServerTestExecutionListener, org.springframework.boot.test.mock.mockito.MockitoTestExecutionListener, org.springframework.boot.test.mock.mockito.ResetMocksTestExecutionListener, org.springframework.test.context.web.ServletTestExecutionListener, org.springframework.test.context.support.DirtiesContextBeforeModesTestExecutionListener, org.springframework.test.context.support.DependencyInjectionTestExecutionListener, org.springframework.test.context.support.DirtiesContextTestExecutionListener, org.springframework.test.context.transaction.TransactionalTestExecutionListener, org.springframework.test.context.jdbc.SqlScriptsTestExecutionListener, org.springframework.test.context.event.EventPublishingTestExecutionListener]
19:12:55.926 [Test worker] INFO org.springframework.boot.test.autoconfigure.web.servlet.WebMvcTestContextBootstrapper - Using TestExecutionListeners: [org.springframework.test.context.web.ServletTestExecutionListener@3733c8ca, org.springframework.test.context.support.DirtiesContextBeforeModesTestExecutionListener@5fc463b2, org.springframework.boot.test.mock.mockito.MockitoTestExecutionListener@27acc51d, org.springframework.boot.test.autoconfigure.SpringBootDependencyInjectionTestExecutionListener@25edd350, org.springframework.test.context.support.DirtiesContextTestExecutionListener@c313abf, org.springframework.test.context.transaction.TransactionalTestExecutionListener@70140178, org.springframework.test.context.jdbc.SqlScriptsTestExecutionListener@3151a64a, org.springframework.security.test.context.support.WithSecurityContextTestExecutionListener@7a6d9463, org.springframework.test.context.event.EventPublishingTestExecutionListener@7f8cad53, org.springframework.security.test.context.support.ReactorContextTestExecutionListener@2f436c1b, org.springframework.boot.test.autoconfigure.restdocs.RestDocsTestExecutionListener@131cfc4f, org.springframework.boot.test.autoconfigure.web.client.MockRestServiceServerResetTestExecutionListener@544bcc3, org.springframework.boot.test.autoconfigure.web.servlet.MockMvcPrintOnlyOnFailureTestExecutionListener@1f387f0d, org.springframework.boot.test.autoconfigure.web.servlet.WebDriverTestExecutionListener@2b2feb45, org.springframework.boot.test.autoconfigure.webservices.client.MockWebServiceServerTestExecutionListener@5f2594eb, org.springframework.boot.test.mock.mockito.ResetMocksTestExecutionListener@7f278968]
19:12:55.931 [Test worker] DEBUG org.springframework.test.context.support.AbstractDirtiesContextTestExecutionListener - Before test class: context [DefaultTestContext@3394ed29 testClass = HelloControllerTest, testInstance = [null], testMethod = [null], testException = [null], mergedContextConfiguration = [WebMergedContextConfiguration@57ea659d testClass = HelloControllerTest, locations = '{}', classes = '{class com.sw.spring.sungwookspring.Application}', contextInitializerClasses = '[]', activeProfiles = '{}', propertySourceLocations = '{}', propertySourceProperties = '{org.springframework.boot.test.autoconfigure.web.servlet.WebMvcTestContextBootstrapper=true}', contextCustomizers = set[org.springframework.boot.test.autoconfigure.OverrideAutoConfigurationContextCustomizerFactory$DisableAutoConfigurationContextCustomizer@2de38839, org.springframework.boot.test.autoconfigure.actuate.metrics.MetricsExportContextCustomizerFactory$DisableMetricExportContextCustomizer@653dda66, org.springframework.boot.test.autoconfigure.filter.TypeExcludeFiltersContextCustomizer@4e690c08, org.springframework.boot.test.autoconfigure.properties.PropertyMappingContextCustomizer@2b491d5, org.springframework.boot.test.autoconfigure.web.servlet.WebDriverContextCustomizerFactory$Customizer@65798dc9, [ImportsContextCustomizer@7acf2e4c key = [org.springframework.boot.autoconfigure.cache.CacheAutoConfiguration, org.springframework.boot.autoconfigure.context.MessageSourceAutoConfiguration, org.springframework.boot.autoconfigure.data.web.SpringDataWebAutoConfiguration, org.springframework.boot.autoconfigure.freemarker.FreeMarkerAutoConfiguration, org.springframework.boot.autoconfigure.groovy.template.GroovyTemplateAutoConfiguration, org.springframework.boot.autoconfigure.gson.GsonAutoConfiguration, org.springframework.boot.autoconfigure.hateoas.HypermediaAutoConfiguration, org.springframework.boot.autoconfigure.http.HttpMessageConvertersAutoConfiguration, org.springframework.boot.autoconfigure.jackson.JacksonAutoConfiguration, org.springframework.boot.autoconfigure.jsonb.JsonbAutoConfiguration, org.springframework.boot.autoconfigure.mustache.MustacheAutoConfiguration, org.springframework.boot.autoconfigure.task.TaskExecutionAutoConfiguration, org.springframework.boot.autoconfigure.thymeleaf.ThymeleafAutoConfiguration, org.springframework.boot.autoconfigure.validation.ValidationAutoConfiguration, org.springframework.boot.autoconfigure.web.servlet.error.ErrorMvcAutoConfiguration, org.springframework.boot.autoconfigure.web.servlet.HttpEncodingAutoConfiguration, org.springframework.boot.autoconfigure.web.servlet.WebMvcAutoConfiguration, org.springframework.boot.test.autoconfigure.web.servlet.MockMvcAutoConfiguration, org.springframework.boot.test.autoconfigure.web.servlet.MockMvcWebClientAutoConfiguration, org.springframework.boot.test.autoconfigure.web.servlet.MockMvcWebDriverAutoConfiguration, org.springframework.boot.autoconfigure.security.oauth2.client.servlet.OAuth2ClientAutoConfiguration, org.springframework.boot.autoconfigure.security.oauth2.resource.servlet.OAuth2ResourceServerAutoConfiguration, org.springframework.boot.autoconfigure.security.servlet.SecurityAutoConfiguration, org.springframework.boot.autoconfigure.security.servlet.SecurityFilterAutoConfiguration, org.springframework.boot.autoconfigure.security.servlet.UserDetailsServiceAutoConfiguration, org.springframework.boot.test.autoconfigure.web.servlet.MockMvcSecurityConfiguration]], org.springframework.boot.test.context.filter.ExcludeFilterContextCustomizer@5d32ec1e, org.springframework.boot.test.json.DuplicateJsonObjectContextCustomizerFactory$DuplicateJsonObjectContextCustomizer@40717c8b, org.springframework.boot.test.mock.mockito.MockitoContextCustomizer@0, org.springframework.boot.test.context.SpringBootTestArgs@1, org.springframework.boot.test.context.SpringBootTestWebEnvironment@0], resourceBasePath = 'src/main/webapp', contextLoader = 'org.springframework.boot.test.context.SpringBootContextLoader', parent = [null]], attributes = map[[empty]]], class annotated with @DirtiesContext [false] with mode [null].
19:12:55.944 [Test worker] DEBUG org.springframework.test.context.support.DependencyInjectionTestExecutionListener - Performing dependency injection for test context [[DefaultTestContext@3394ed29 testClass = HelloControllerTest, testInstance = com.sw.spring.sungwookspring.web.HelloControllerTest@5887e0d1, testMethod = [null], testException = [null], mergedContextConfiguration = [WebMergedContextConfiguration@57ea659d testClass = HelloControllerTest, locations = '{}', classes = '{class com.sw.spring.sungwookspring.Application}', contextInitializerClasses = '[]', activeProfiles = '{}', propertySourceLocations = '{}', propertySourceProperties = '{org.springframework.boot.test.autoconfigure.web.servlet.WebMvcTestContextBootstrapper=true}', contextCustomizers = set[org.springframework.boot.test.autoconfigure.OverrideAutoConfigurationContextCustomizerFactory$DisableAutoConfigurationContextCustomizer@2de38839, org.springframework.boot.test.autoconfigure.actuate.metrics.MetricsExportContextCustomizerFactory$DisableMetricExportContextCustomizer@653dda66, org.springframework.boot.test.autoconfigure.filter.TypeExcludeFiltersContextCustomizer@4e690c08, org.springframework.boot.test.autoconfigure.properties.PropertyMappingContextCustomizer@2b491d5, org.springframework.boot.test.autoconfigure.web.servlet.WebDriverContextCustomizerFactory$Customizer@65798dc9, [ImportsContextCustomizer@7acf2e4c key = [org.springframework.boot.autoconfigure.cache.CacheAutoConfiguration, org.springframework.boot.autoconfigure.context.MessageSourceAutoConfiguration, org.springframework.boot.autoconfigure.data.web.SpringDataWebAutoConfiguration, org.springframework.boot.autoconfigure.freemarker.FreeMarkerAutoConfiguration, org.springframework.boot.autoconfigure.groovy.template.GroovyTemplateAutoConfiguration, org.springframework.boot.autoconfigure.gson.GsonAutoConfiguration, org.springframework.boot.autoconfigure.hateoas.HypermediaAutoConfiguration, org.springframework.boot.autoconfigure.http.HttpMessageConvertersAutoConfiguration, org.springframework.boot.autoconfigure.jackson.JacksonAutoConfiguration, org.springframework.boot.autoconfigure.jsonb.JsonbAutoConfiguration, org.springframework.boot.autoconfigure.mustache.MustacheAutoConfiguration, org.springframework.boot.autoconfigure.task.TaskExecutionAutoConfiguration, org.springframework.boot.autoconfigure.thymeleaf.ThymeleafAutoConfiguration, org.springframework.boot.autoconfigure.validation.ValidationAutoConfiguration, org.springframework.boot.autoconfigure.web.servlet.error.ErrorMvcAutoConfiguration, org.springframework.boot.autoconfigure.web.servlet.HttpEncodingAutoConfiguration, org.springframework.boot.autoconfigure.web.servlet.WebMvcAutoConfiguration, org.springframework.boot.test.autoconfigure.web.servlet.MockMvcAutoConfiguration, org.springframework.boot.test.autoconfigure.web.servlet.MockMvcWebClientAutoConfiguration, org.springframework.boot.test.autoconfigure.web.servlet.MockMvcWebDriverAutoConfiguration, org.springframework.boot.autoconfigure.security.oauth2.client.servlet.OAuth2ClientAutoConfiguration, org.springframework.boot.autoconfigure.security.oauth2.resource.servlet.OAuth2ResourceServerAutoConfiguration, org.springframework.boot.autoconfigure.security.servlet.SecurityAutoConfiguration, org.springframework.boot.autoconfigure.security.servlet.SecurityFilterAutoConfiguration, org.springframework.boot.autoconfigure.security.servlet.UserDetailsServiceAutoConfiguration, org.springframework.boot.test.autoconfigure.web.servlet.MockMvcSecurityConfiguration]], org.springframework.boot.test.context.filter.ExcludeFilterContextCustomizer@5d32ec1e, org.springframework.boot.test.json.DuplicateJsonObjectContextCustomizerFactory$DuplicateJsonObjectContextCustomizer@40717c8b, org.springframework.boot.test.mock.mockito.MockitoContextCustomizer@0, org.springframework.boot.test.context.SpringBootTestArgs@1, org.springframework.boot.test.context.SpringBootTestWebEnvironment@0], resourceBasePath = 'src/main/webapp', contextLoader = 'org.springframework.boot.test.context.SpringBootContextLoader', parent = [null]], attributes = map[[empty]]]].
19:12:55.976 [Test worker] DEBUG org.springframework.test.context.support.TestPropertySourceUtils - Adding inlined properties to environment: {spring.jmx.enabled=false, org.springframework.boot.test.autoconfigure.web.servlet.WebMvcTestContextBootstrapper=true}

  .   ____          _            __ _ _
 /\\ / ___'_ __ _ _(_)_ __  __ _ \ \ \ \
( ( )\___ | '_ | '_| | '_ \/ _` | \ \ \ \
 \\/  ___)| |_)| | | | | || (_| |  ) ) ) )
  '  |____| .__|_| |_|_| |_\__, | / / / /
 =========|_|==============|___/=/_/_/_/
 :: Spring Boot ::                (v2.4.1)

2021-02-25 19:12:56.413  INFO 10620 --- [    Test worker] c.s.s.s.web.HelloControllerTest          : Starting HelloControllerTest using Java 1.8.0_281 on DESKTOP-T9AM5R6 with PID 10620 (started by jsung in C:\Users\jsung\Desktop\Spring\sungwook)
2021-02-25 19:12:56.414  INFO 10620 --- [    Test worker] c.s.s.s.web.HelloControllerTest          : The following profiles are active: oauth
2021-02-25 19:12:57.712  INFO 10620 --- [    Test worker] o.s.s.concurrent.ThreadPoolTaskExecutor  : Initializing ExecutorService 'applicationTaskExecutor'
2021-02-25 19:12:57.832  INFO 10620 --- [    Test worker] o.s.b.a.w.s.WelcomePageHandlerMapping    : Adding welcome page template: index
2021-02-25 19:12:58.453  INFO 10620 --- [    Test worker] o.s.s.web.DefaultSecurityFilterChain     : Will secure any request with [org.springframework.security.web.context.request.async.WebAsyncManagerIntegrationFilter@eed51ca, org.springframework.security.web.context.SecurityContextPersistenceFilter@3a63ecc6, org.springframework.security.web.header.HeaderWriterFilter@d43682c, org.springframework.security.web.csrf.CsrfFilter@3494ee5, org.springframework.security.web.authentication.logout.LogoutFilter@7e76d6a3, org.springframework.security.oauth2.client.web.OAuth2AuthorizationRequestRedirectFilter@15b1299c, org.springframework.security.oauth2.client.web.OAuth2AuthorizationRequestRedirectFilter@75d07ce2, org.springframework.security.oauth2.client.web.OAuth2LoginAuthenticationFilter@4fe11981, org.springframework.security.web.authentication.ui.DefaultLoginPageGeneratingFilter@4145bd74, org.springframework.security.web.authentication.ui.DefaultLogoutPageGeneratingFilter@92c67dd, org.springframework.security.web.savedrequest.RequestCacheAwareFilter@5c777292, org.springframework.security.web.servletapi.SecurityContextHolderAwareRequestFilter@6783bfc5, org.springframework.security.web.authentication.AnonymousAuthenticationFilter@76386bd0, org.springframework.security.oauth2.client.web.OAuth2AuthorizationCodeGrantFilter@3359865e, org.springframework.security.web.session.SessionManagementFilter@1454bc76, org.springframework.security.web.access.ExceptionTranslationFilter@95ef695, org.springframework.security.web.access.intercept.FilterSecurityInterceptor@7e4de05f]
2021-02-25 19:12:58.584  INFO 10620 --- [    Test worker] o.s.b.t.m.w.SpringBootMockServletContext : Initializing Spring TestDispatcherServlet ''
2021-02-25 19:12:58.584  INFO 10620 --- [    Test worker] o.s.t.web.servlet.TestDispatcherServlet  : Initializing Servlet ''
2021-02-25 19:12:58.585  INFO 10620 --- [    Test worker] o.s.t.web.servlet.TestDispatcherServlet  : Completed initialization in 1 ms
2021-02-25 19:12:58.619  INFO 10620 --- [    Test worker] c.s.s.s.web.HelloControllerTest          : Started HelloControllerTest in 2.635 seconds (JVM running for 3.925)
]]></system-out>
  <system-err><![CDATA[]]></system-err>
</testsuite>
