<?xml version="1.0" encoding="UTF-8"?>
<testsuite name="com.sw.spring.sungwookspring.web.ProfileControllerUnitTest" tests="3" skipped="0" failures="0" errors="0" timestamp="2021-03-02T13:13:35" hostname="DESKTOP-T9AM5R6" time="0.003">
  <properties/>
  <testcase name="real_profile이_없으면_첫_번째가_조회된다()" classname="com.sw.spring.sungwookspring.web.ProfileControllerUnitTest" time="0.002"/>
  <testcase name="active_profile이_없으면_default가_조회된다()" classname="com.sw.spring.sungwookspring.web.ProfileControllerUnitTest" time="0.001"/>
  <testcase name="real_profile이_조회된다()" classname="com.sw.spring.sungwookspring.web.ProfileControllerUnitTest" time="0.0"/>
  <system-out><![CDATA[]]></system-out>
  <system-err><![CDATA[]]></system-err>
</testsuite>
