<?xml version="1.0" encoding="UTF-8"?>
<testsuite name="com.sw.spring.sungwookspring.web.HelloControllerTest" tests="2" skipped="0" failures="0" errors="0" timestamp="2021-02-28T17:08:37" hostname="DESKTOP-T9AM5R6" time="0.179">
  <properties/>
  <testcase name="hello가_리턴된다()" classname="com.sw.spring.sungwookspring.web.HelloControllerTest" time="0.084"/>
  <testcase name="helloDto가_리턴된다()" classname="com.sw.spring.sungwookspring.web.HelloControllerTest" time="0.094"/>
  <system-out><![CDATA[2021-03-01 02:08:36.066  INFO 9964 --- [    Test worker] .b.t.a.w.s.WebMvcTestContextBootstrapper : Neither @ContextConfiguration nor @ContextHierarchy found for test class [com.sw.spring.sungwookspring.web.HelloControllerTest], using SpringBootContextLoader
2021-03-01 02:08:36.067  INFO 9964 --- [    Test worker] o.s.t.c.support.AbstractContextLoader    : Could not detect default resource locations for test class [com.sw.spring.sungwookspring.web.HelloControllerTest]: no resource found for suffixes {-context.xml, Context.groovy}.
2021-03-01 02:08:36.067  INFO 9964 --- [    Test worker] t.c.s.AnnotationConfigContextLoaderUtils : Could not detect default configuration classes for test class [com.sw.spring.sungwookspring.web.HelloControllerTest]: HelloControllerTest does not declare any static, non-private, non-final, nested classes annotated with @Configuration.
2021-03-01 02:08:36.092  INFO 9964 --- [    Test worker] .b.t.c.SpringBootTestContextBootstrapper : Found @SpringBootConfiguration com.sw.spring.sungwookspring.Application for test class com.sw.spring.sungwookspring.web.HelloControllerTest
2021-03-01 02:08:36.093  INFO 9964 --- [    Test worker] .b.t.a.w.s.WebMvcTestContextBootstrapper : Loaded default TestExecutionListener class names from location [META-INF/spring.factories]: [org.springframework.security.test.context.support.WithSecurityContextTestExecutionListener, org.springframework.security.test.context.support.ReactorContextTestExecutionListener, org.springframework.boot.test.autoconfigure.restdocs.RestDocsTestExecutionListener, org.springframework.boot.test.autoconfigure.web.client.MockRestServiceServerResetTestExecutionListener, org.springframework.boot.test.autoconfigure.web.servlet.MockMvcPrintOnlyOnFailureTestExecutionListener, org.springframework.boot.test.autoconfigure.web.servlet.WebDriverTestExecutionListener, org.springframework.boot.test.autoconfigure.webservices.client.MockWebServiceServerTestExecutionListener, org.springframework.boot.test.mock.mockito.MockitoTestExecutionListener, org.springframework.boot.test.mock.mockito.ResetMocksTestExecutionListener, org.springframework.test.context.web.ServletTestExecutionListener, org.springframework.test.context.support.DirtiesContextBeforeModesTestExecutionListener, org.springframework.test.context.support.DependencyInjectionTestExecutionListener, org.springframework.test.context.support.DirtiesContextTestExecutionListener, org.springframework.test.context.transaction.TransactionalTestExecutionListener, org.springframework.test.context.jdbc.SqlScriptsTestExecutionListener, org.springframework.test.context.event.EventPublishingTestExecutionListener]
2021-03-01 02:08:36.095  INFO 9964 --- [    Test worker] .b.t.a.w.s.WebMvcTestContextBootstrapper : Using TestExecutionListeners: [org.springframework.test.context.web.ServletTestExecutionListener@7bb7a36a, org.springframework.test.context.support.DirtiesContextBeforeModesTestExecutionListener@785e5cdd, org.springframework.boot.test.mock.mockito.MockitoTestExecutionListener@6aa86175, org.springframework.boot.test.autoconfigure.SpringBootDependencyInjectionTestExecutionListener@7dae9d43, org.springframework.test.context.support.DirtiesContextTestExecutionListener@3b44dd6f, org.springframework.test.context.transaction.TransactionalTestExecutionListener@31f6c66e, org.springframework.test.context.jdbc.SqlScriptsTestExecutionListener@187cbaec, org.springframework.security.test.context.support.WithSecurityContextTestExecutionListener@11b16825, org.springframework.test.context.event.EventPublishingTestExecutionListener@c8360d9, org.springframework.security.test.context.support.ReactorContextTestExecutionListener@b410291, org.springframework.boot.test.autoconfigure.restdocs.RestDocsTestExecutionListener@769762cf, org.springframework.boot.test.autoconfigure.web.client.MockRestServiceServerResetTestExecutionListener@6cfdcc78, org.springframework.boot.test.autoconfigure.web.servlet.MockMvcPrintOnlyOnFailureTestExecutionListener@7befec96, org.springframework.boot.test.autoconfigure.web.servlet.WebDriverTestExecutionListener@78392cf0, org.springframework.boot.test.autoconfigure.webservices.client.MockWebServiceServerTestExecutionListener@35f5b822, org.springframework.boot.test.mock.mockito.ResetMocksTestExecutionListener@37e92ce8]

  .   ____          _            __ _ _
 /\\ / ___'_ __ _ _(_)_ __  __ _ \ \ \ \
( ( )\___ | '_ | '_| | '_ \/ _` | \ \ \ \
 \\/  ___)| |_)| | | | | || (_| |  ) ) ) )
  '  |____| .__|_| |_|_| |_\__, | / / / /
 =========|_|==============|___/=/_/_/_/
 :: Spring Boot ::                (v2.4.1)

2021-03-01 02:08:36.125  INFO 9964 --- [    Test worker] c.s.s.s.web.HelloControllerTest          : Starting HelloControllerTest using Java 1.8.0_281 on DESKTOP-T9AM5R6 with PID 9964 (started by jsung in C:\Users\jsung\Desktop\Spring\sungwook)
2021-03-01 02:08:36.126  INFO 9964 --- [    Test worker] c.s.s.s.web.HelloControllerTest          : The following profiles are active: oauth
2021-03-01 02:08:36.559  INFO 9964 --- [    Test worker] o.s.s.concurrent.ThreadPoolTaskExecutor  : Initializing ExecutorService 'applicationTaskExecutor'
2021-03-01 02:08:36.606  INFO 9964 --- [    Test worker] o.s.b.a.w.s.WelcomePageHandlerMapping    : Adding welcome page template: index
2021-03-01 02:08:36.976  INFO 9964 --- [    Test worker] o.s.s.web.DefaultSecurityFilterChain     : Will secure any request with [org.springframework.security.web.context.request.async.WebAsyncManagerIntegrationFilter@168afe12, org.springframework.security.web.context.SecurityContextPersistenceFilter@7aba1d95, org.springframework.security.web.header.HeaderWriterFilter@f60b9da, org.springframework.security.web.csrf.CsrfFilter@34b23c5b, org.springframework.security.web.authentication.logout.LogoutFilter@179702d8, org.springframework.security.oauth2.client.web.OAuth2AuthorizationRequestRedirectFilter@1a516814, org.springframework.security.oauth2.client.web.OAuth2AuthorizationRequestRedirectFilter@25021e34, org.springframework.security.oauth2.client.web.OAuth2LoginAuthenticationFilter@25695907, org.springframework.security.web.authentication.ui.DefaultLoginPageGeneratingFilter@42d57a28, org.springframework.security.web.authentication.ui.DefaultLogoutPageGeneratingFilter@2d50f818, org.springframework.security.web.savedrequest.RequestCacheAwareFilter@35bc156f, org.springframework.security.web.servletapi.SecurityContextHolderAwareRequestFilter@3f18c46b, org.springframework.security.web.authentication.AnonymousAuthenticationFilter@1d618a2f, org.springframework.security.oauth2.client.web.OAuth2AuthorizationCodeGrantFilter@1762eeb, org.springframework.security.web.session.SessionManagementFilter@2a150c89, org.springframework.security.web.access.ExceptionTranslationFilter@397ec6f3, org.springframework.security.web.access.intercept.FilterSecurityInterceptor@1fefad91]
2021-03-01 02:08:37.084  INFO 9964 --- [    Test worker] o.s.b.t.m.w.SpringBootMockServletContext : Initializing Spring TestDispatcherServlet ''
2021-03-01 02:08:37.084  INFO 9964 --- [    Test worker] o.s.t.web.servlet.TestDispatcherServlet  : Initializing Servlet ''
2021-03-01 02:08:37.085  INFO 9964 --- [    Test worker] o.s.t.web.servlet.TestDispatcherServlet  : Completed initialization in 1 ms
2021-03-01 02:08:37.108  INFO 9964 --- [    Test worker] c.s.s.s.web.HelloControllerTest          : Started HelloControllerTest in 1.01 seconds (JVM running for 9.14)
]]></system-out>
  <system-err><![CDATA[]]></system-err>
</testsuite>
