<?xml version="1.0" encoding="UTF-8"?>
<testsuite name="com.sw.spring.sungwookspring.domain.posts.PostRepositoryTest" tests="2" skipped="0" failures="0" errors="0" timestamp="2021-02-25T10:13:03" hostname="DESKTOP-T9AM5R6" time="0.27">
  <properties/>
  <testcase name="게시글저장_불러오기()" classname="com.sw.spring.sungwookspring.domain.posts.PostRepositoryTest" time="0.255"/>
  <testcase name="BaseTimeEntity_등록()" classname="com.sw.spring.sungwookspring.domain.posts.PostRepositoryTest" time="0.015"/>
  <system-out><![CDATA[2021-02-25 19:12:59.038  INFO 10620 --- [    Test worker] .b.t.c.SpringBootTestContextBootstrapper : Neither @ContextConfiguration nor @ContextHierarchy found for test class [com.sw.spring.sungwookspring.domain.posts.PostRepositoryTest], using SpringBootContextLoader
2021-02-25 19:12:59.039  INFO 10620 --- [    Test worker] o.s.t.c.support.AbstractContextLoader    : Could not detect default resource locations for test class [com.sw.spring.sungwookspring.domain.posts.PostRepositoryTest]: no resource found for suffixes {-context.xml, Context.groovy}.
2021-02-25 19:12:59.040  INFO 10620 --- [    Test worker] t.c.s.AnnotationConfigContextLoaderUtils : Could not detect default configuration classes for test class [com.sw.spring.sungwookspring.domain.posts.PostRepositoryTest]: PostRepositoryTest does not declare any static, non-private, non-final, nested classes annotated with @Configuration.
2021-02-25 19:12:59.051  INFO 10620 --- [    Test worker] .b.t.c.SpringBootTestContextBootstrapper : Found @SpringBootConfiguration com.sw.spring.sungwookspring.Application for test class com.sw.spring.sungwookspring.domain.posts.PostRepositoryTest
2021-02-25 19:12:59.056  INFO 10620 --- [    Test worker] .b.t.c.SpringBootTestContextBootstrapper : Loaded default TestExecutionListener class names from location [META-INF/spring.factories]: [org.springframework.security.test.context.support.WithSecurityContextTestExecutionListener, org.springframework.security.test.context.support.ReactorContextTestExecutionListener, org.springframework.boot.test.autoconfigure.restdocs.RestDocsTestExecutionListener, org.springframework.boot.test.autoconfigure.web.client.MockRestServiceServerResetTestExecutionListener, org.springframework.boot.test.autoconfigure.web.servlet.MockMvcPrintOnlyOnFailureTestExecutionListener, org.springframework.boot.test.autoconfigure.web.servlet.WebDriverTestExecutionListener, org.springframework.boot.test.autoconfigure.webservices.client.MockWebServiceServerTestExecutionListener, org.springframework.boot.test.mock.mockito.MockitoTestExecutionListener, org.springframework.boot.test.mock.mockito.ResetMocksTestExecutionListener, org.springframework.test.context.web.ServletTestExecutionListener, org.springframework.test.context.support.DirtiesContextBeforeModesTestExecutionListener, org.springframework.test.context.support.DependencyInjectionTestExecutionListener, org.springframework.test.context.support.DirtiesContextTestExecutionListener, org.springframework.test.context.transaction.TransactionalTestExecutionListener, org.springframework.test.context.jdbc.SqlScriptsTestExecutionListener, org.springframework.test.context.event.EventPublishingTestExecutionListener]
2021-02-25 19:12:59.058  INFO 10620 --- [    Test worker] .b.t.c.SpringBootTestContextBootstrapper : Using TestExecutionListeners: [org.springframework.test.context.web.ServletTestExecutionListener@14c4f374, org.springframework.test.context.support.DirtiesContextBeforeModesTestExecutionListener@51674e72, org.springframework.boot.test.mock.mockito.MockitoTestExecutionListener@173e5604, org.springframework.boot.test.autoconfigure.SpringBootDependencyInjectionTestExecutionListener@34a19775, org.springframework.test.context.support.DirtiesContextTestExecutionListener@74d8dc6, org.springframework.test.context.transaction.TransactionalTestExecutionListener@6c324783, org.springframework.test.context.jdbc.SqlScriptsTestExecutionListener@9d9b277, org.springframework.security.test.context.support.WithSecurityContextTestExecutionListener@317b9606, org.springframework.test.context.event.EventPublishingTestExecutionListener@5a331e52, org.springframework.security.test.context.support.ReactorContextTestExecutionListener@24c354c8, org.springframework.boot.test.autoconfigure.restdocs.RestDocsTestExecutionListener@604d102d, org.springframework.boot.test.autoconfigure.web.client.MockRestServiceServerResetTestExecutionListener@deb6184, org.springframework.boot.test.autoconfigure.web.servlet.MockMvcPrintOnlyOnFailureTestExecutionListener@4f683fe5, org.springframework.boot.test.autoconfigure.web.servlet.WebDriverTestExecutionListener@713357d4, org.springframework.boot.test.autoconfigure.webservices.client.MockWebServiceServerTestExecutionListener@7977fda7, org.springframework.boot.test.mock.mockito.ResetMocksTestExecutionListener@2f46544c]

  .   ____          _            __ _ _
 /\\ / ___'_ __ _ _(_)_ __  __ _ \ \ \ \
( ( )\___ | '_ | '_| | '_ \/ _` | \ \ \ \
 \\/  ___)| |_)| | | | | || (_| |  ) ) ) )
  '  |____| .__|_| |_|_| |_\__, | / / / /
 =========|_|==============|___/=/_/_/_/
 :: Spring Boot ::                (v2.4.1)

2021-02-25 19:12:59.094  INFO 10620 --- [    Test worker] c.s.s.s.domain.posts.PostRepositoryTest  : Starting PostRepositoryTest using Java 1.8.0_281 on DESKTOP-T9AM5R6 with PID 10620 (started by jsung in C:\Users\jsung\Desktop\Spring\sungwook)
2021-02-25 19:12:59.094  INFO 10620 --- [    Test worker] c.s.s.s.domain.posts.PostRepositoryTest  : The following profiles are active: oauth
2021-02-25 19:12:59.495  INFO 10620 --- [    Test worker] .s.d.r.c.RepositoryConfigurationDelegate : Bootstrapping Spring Data JPA repositories in DEFAULT mode.
2021-02-25 19:12:59.566  INFO 10620 --- [    Test worker] .s.d.r.c.RepositoryConfigurationDelegate : Finished Spring Data repository scanning in 63 ms. Found 2 JPA repository interfaces.
2021-02-25 19:12:59.999  INFO 10620 --- [    Test worker] com.zaxxer.hikari.HikariDataSource       : HikariPool-1 - Starting...
2021-02-25 19:13:00.222  INFO 10620 --- [    Test worker] com.zaxxer.hikari.HikariDataSource       : HikariPool-1 - Start completed.
2021-02-25 19:13:00.308  INFO 10620 --- [    Test worker] o.hibernate.jpa.internal.util.LogHelper  : HHH000204: Processing PersistenceUnitInfo [name: default]
2021-02-25 19:13:00.389  INFO 10620 --- [    Test worker] org.hibernate.Version                    : HHH000412: Hibernate ORM core version 5.4.25.Final
2021-02-25 19:13:00.474  INFO 10620 --- [    Test worker] o.hibernate.annotations.common.Version   : HCANN000001: Hibernate Commons Annotations {5.1.2.Final}
2021-02-25 19:13:00.647  INFO 10620 --- [    Test worker] org.hibernate.dialect.Dialect            : HHH000400: Using dialect: org.hibernate.dialect.MySQL57Dialect
Hibernate: drop table if exists posts
Hibernate: drop table if exists user
Hibernate: create table posts (id bigint not null auto_increment, created_date datetime(6), modified_date datetime(6), author varchar(255), content TEXT not null, title varchar(500) not null, primary key (id)) engine=InnoDB
Hibernate: create table user (id bigint not null auto_increment, created_date datetime(6), modified_date datetime(6), email varchar(255) not null, name varchar(255) not null, picture varchar(255), role varchar(255) not null, primary key (id)) engine=InnoDB
2021-02-25 19:13:01.558  INFO 10620 --- [    Test worker] o.h.e.t.j.p.i.JtaPlatformInitiator       : HHH000490: Using JtaPlatform implementation: [org.hibernate.engine.transaction.jta.platform.internal.NoJtaPlatform]
2021-02-25 19:13:01.569  INFO 10620 --- [    Test worker] j.LocalContainerEntityManagerFactoryBean : Initialized JPA EntityManagerFactory for persistence unit 'default'
2021-02-25 19:13:02.072  WARN 10620 --- [    Test worker] JpaBaseConfiguration$JpaWebConfiguration : spring.jpa.open-in-view is enabled by default. Therefore, database queries may be performed during view rendering. Explicitly configure spring.jpa.open-in-view to disable this warning
2021-02-25 19:13:02.549  INFO 10620 --- [    Test worker] o.s.s.web.DefaultSecurityFilterChain     : Will secure any request with [org.springframework.security.web.context.request.async.WebAsyncManagerIntegrationFilter@31689625, org.springframework.security.web.context.SecurityContextPersistenceFilter@6fbd1adc, org.springframework.security.web.header.HeaderWriterFilter@18caf93b, org.springframework.security.web.authentication.logout.LogoutFilter@6461bd37, org.springframework.security.oauth2.client.web.OAuth2AuthorizationRequestRedirectFilter@750597f5, org.springframework.security.oauth2.client.web.OAuth2LoginAuthenticationFilter@2f9256a1, org.springframework.security.web.authentication.ui.DefaultLoginPageGeneratingFilter@2e29be5a, org.springframework.security.web.authentication.ui.DefaultLogoutPageGeneratingFilter@163e885d, org.springframework.security.web.savedrequest.RequestCacheAwareFilter@6ee25b84, org.springframework.security.web.servletapi.SecurityContextHolderAwareRequestFilter@212e6442, org.springframework.security.web.authentication.AnonymousAuthenticationFilter@4fdd0f50, org.springframework.security.web.session.SessionManagementFilter@57fb0e6b, org.springframework.security.web.access.ExceptionTranslationFilter@7a0f7a3d, org.springframework.security.web.access.intercept.FilterSecurityInterceptor@4a2a89c7]
2021-02-25 19:13:02.915  INFO 10620 --- [    Test worker] o.s.s.concurrent.ThreadPoolTaskExecutor  : Initializing ExecutorService 'applicationTaskExecutor'
2021-02-25 19:13:02.939  INFO 10620 --- [    Test worker] o.s.b.a.h2.H2ConsoleAutoConfiguration    : H2 console available at '/h2-console'. Database available at 'jdbc:h2:mem:testdb'
2021-02-25 19:13:02.972  INFO 10620 --- [    Test worker] o.s.b.a.w.s.WelcomePageHandlerMapping    : Adding welcome page template: index
2021-02-25 19:13:03.448  INFO 10620 --- [    Test worker] s.a.ScheduledAnnotationBeanPostProcessor : No TaskScheduler/ScheduledExecutorService bean found for scheduled processing
2021-02-25 19:13:03.459  INFO 10620 --- [    Test worker] c.s.s.s.domain.posts.PostRepositoryTest  : Started PostRepositoryTest in 4.398 seconds (JVM running for 8.765)
Hibernate: insert into posts (created_date, modified_date, author, content, title) values (?, ?, ?, ?, ?)
Hibernate: select posts0_.id as id1_0_, posts0_.created_date as created_2_0_, posts0_.modified_date as modified3_0_, posts0_.author as author4_0_, posts0_.content as content5_0_, posts0_.title as title6_0_ from posts posts0_
Hibernate: select posts0_.id as id1_0_, posts0_.created_date as created_2_0_, posts0_.modified_date as modified3_0_, posts0_.author as author4_0_, posts0_.content as content5_0_, posts0_.title as title6_0_ from posts posts0_
Hibernate: delete from posts where id=?
Hibernate: insert into posts (created_date, modified_date, author, content, title) values (?, ?, ?, ?, ?)
Hibernate: select posts0_.id as id1_0_, posts0_.created_date as created_2_0_, posts0_.modified_date as modified3_0_, posts0_.author as author4_0_, posts0_.content as content5_0_, posts0_.title as title6_0_ from posts posts0_
>>>>>>>>>>>>>> createDate=2021-02-25T19:13:03.723, modifiedDate=2021-02-25T19:13:03.723
Hibernate: select posts0_.id as id1_0_, posts0_.created_date as created_2_0_, posts0_.modified_date as modified3_0_, posts0_.author as author4_0_, posts0_.content as content5_0_, posts0_.title as title6_0_ from posts posts0_
Hibernate: delete from posts where id=?
]]></system-out>
  <system-err><![CDATA[]]></system-err>
</testsuite>
