<?xml version="1.0" encoding="UTF-8"?>
<testsuite name="com.sw.spring.sungwookspring.web.IndexControllerTest" tests="1" skipped="0" failures="0" errors="0" timestamp="2021-02-28T17:08:39" hostname="DESKTOP-T9AM5R6" time="0.184">
  <properties/>
  <testcase name="메인페이지_로딩()" classname="com.sw.spring.sungwookspring.web.IndexControllerTest" time="0.184"/>
  <system-out><![CDATA[2021-03-01 02:08:37.296  INFO 9964 --- [    Test worker] .b.t.c.SpringBootTestContextBootstrapper : Neither @ContextConfiguration nor @ContextHierarchy found for test class [com.sw.spring.sungwookspring.web.IndexControllerTest], using SpringBootContextLoader
2021-03-01 02:08:37.297  INFO 9964 --- [    Test worker] o.s.t.c.support.AbstractContextLoader    : Could not detect default resource locations for test class [com.sw.spring.sungwookspring.web.IndexControllerTest]: no resource found for suffixes {-context.xml, Context.groovy}.
2021-03-01 02:08:37.297  INFO 9964 --- [    Test worker] t.c.s.AnnotationConfigContextLoaderUtils : Could not detect default configuration classes for test class [com.sw.spring.sungwookspring.web.IndexControllerTest]: IndexControllerTest does not declare any static, non-private, non-final, nested classes annotated with @Configuration.
2021-03-01 02:08:37.299  INFO 9964 --- [    Test worker] .b.t.c.SpringBootTestContextBootstrapper : Found @SpringBootConfiguration com.sw.spring.sungwookspring.Application for test class com.sw.spring.sungwookspring.web.IndexControllerTest
2021-03-01 02:08:37.301  INFO 9964 --- [    Test worker] .b.t.c.SpringBootTestContextBootstrapper : Loaded default TestExecutionListener class names from location [META-INF/spring.factories]: [org.springframework.security.test.context.support.WithSecurityContextTestExecutionListener, org.springframework.security.test.context.support.ReactorContextTestExecutionListener, org.springframework.boot.test.autoconfigure.restdocs.RestDocsTestExecutionListener, org.springframework.boot.test.autoconfigure.web.client.MockRestServiceServerResetTestExecutionListener, org.springframework.boot.test.autoconfigure.web.servlet.MockMvcPrintOnlyOnFailureTestExecutionListener, org.springframework.boot.test.autoconfigure.web.servlet.WebDriverTestExecutionListener, org.springframework.boot.test.autoconfigure.webservices.client.MockWebServiceServerTestExecutionListener, org.springframework.boot.test.mock.mockito.MockitoTestExecutionListener, org.springframework.boot.test.mock.mockito.ResetMocksTestExecutionListener, org.springframework.test.context.web.ServletTestExecutionListener, org.springframework.test.context.support.DirtiesContextBeforeModesTestExecutionListener, org.springframework.test.context.support.DependencyInjectionTestExecutionListener, org.springframework.test.context.support.DirtiesContextTestExecutionListener, org.springframework.test.context.transaction.TransactionalTestExecutionListener, org.springframework.test.context.jdbc.SqlScriptsTestExecutionListener, org.springframework.test.context.event.EventPublishingTestExecutionListener]
2021-03-01 02:08:37.302  INFO 9964 --- [    Test worker] .b.t.c.SpringBootTestContextBootstrapper : Using TestExecutionListeners: [org.springframework.test.context.web.ServletTestExecutionListener@1a4ee44a, org.springframework.test.context.support.DirtiesContextBeforeModesTestExecutionListener@4dba1f90, org.springframework.boot.test.mock.mockito.MockitoTestExecutionListener@13fa5b55, org.springframework.boot.test.autoconfigure.SpringBootDependencyInjectionTestExecutionListener@499ee0c4, org.springframework.test.context.support.DirtiesContextTestExecutionListener@241f3109, org.springframework.test.context.transaction.TransactionalTestExecutionListener@3944fc85, org.springframework.test.context.jdbc.SqlScriptsTestExecutionListener@78a5380b, org.springframework.security.test.context.support.WithSecurityContextTestExecutionListener@46836f1b, org.springframework.test.context.event.EventPublishingTestExecutionListener@1b4999bb, org.springframework.security.test.context.support.ReactorContextTestExecutionListener@577fe83, org.springframework.boot.test.autoconfigure.restdocs.RestDocsTestExecutionListener@5443fb46, org.springframework.boot.test.autoconfigure.web.client.MockRestServiceServerResetTestExecutionListener@965bd62, org.springframework.boot.test.autoconfigure.web.servlet.MockMvcPrintOnlyOnFailureTestExecutionListener@5e3669b4, org.springframework.boot.test.autoconfigure.web.servlet.WebDriverTestExecutionListener@640f0717, org.springframework.boot.test.autoconfigure.webservices.client.MockWebServiceServerTestExecutionListener@2fdd491b, org.springframework.boot.test.mock.mockito.ResetMocksTestExecutionListener@bf77f2f]

  .   ____          _            __ _ _
 /\\ / ___'_ __ _ _(_)_ __  __ _ \ \ \ \
( ( )\___ | '_ | '_| | '_ \/ _` | \ \ \ \
 \\/  ___)| |_)| | | | | || (_| |  ) ) ) )
  '  |____| .__|_| |_|_| |_\__, | / / / /
 =========|_|==============|___/=/_/_/_/
 :: Spring Boot ::                (v2.4.1)

2021-03-01 02:08:37.334  INFO 9964 --- [    Test worker] c.s.s.s.web.IndexControllerTest          : Starting IndexControllerTest using Java 1.8.0_281 on DESKTOP-T9AM5R6 with PID 9964 (started by jsung in C:\Users\jsung\Desktop\Spring\sungwook)
2021-03-01 02:08:37.334  INFO 9964 --- [    Test worker] c.s.s.s.web.IndexControllerTest          : The following profiles are active: oauth
2021-03-01 02:08:37.582  INFO 9964 --- [    Test worker] .s.d.r.c.RepositoryConfigurationDelegate : Bootstrapping Spring Data JPA repositories in DEFAULT mode.
2021-03-01 02:08:37.611  INFO 9964 --- [    Test worker] .s.d.r.c.RepositoryConfigurationDelegate : Finished Spring Data repository scanning in 28 ms. Found 2 JPA repository interfaces.
2021-03-01 02:08:38.040  INFO 9964 --- [    Test worker] o.s.b.w.embedded.tomcat.TomcatWebServer  : Tomcat initialized with port(s): 0 (http)
2021-03-01 02:08:38.056  INFO 9964 --- [    Test worker] o.apache.catalina.core.StandardService   : Starting service [Tomcat]
2021-03-01 02:08:38.057  INFO 9964 --- [    Test worker] org.apache.catalina.core.StandardEngine  : Starting Servlet engine: [Apache Tomcat/9.0.41]
2021-03-01 02:08:38.225  INFO 9964 --- [    Test worker] o.a.c.c.C.[Tomcat].[localhost].[/]       : Initializing Spring embedded WebApplicationContext
2021-03-01 02:08:38.226  INFO 9964 --- [    Test worker] w.s.c.ServletWebServerApplicationContext : Root WebApplicationContext: initialization completed in 888 ms
2021-03-01 02:08:38.270  INFO 9964 --- [    Test worker] com.zaxxer.hikari.HikariDataSource       : HikariPool-2 - Starting...
2021-03-01 02:08:38.272  INFO 9964 --- [    Test worker] com.zaxxer.hikari.HikariDataSource       : HikariPool-2 - Start completed.
2021-03-01 02:08:38.272  INFO 9964 --- [    Test worker] o.s.b.a.h2.H2ConsoleAutoConfiguration    : H2 console available at '/h2-console'. Database available at 'jdbc:h2:mem:testdb'
2021-03-01 02:08:38.423  INFO 9964 --- [    Test worker] o.hibernate.jpa.internal.util.LogHelper  : HHH000204: Processing PersistenceUnitInfo [name: default]
2021-03-01 02:08:38.431  INFO 9964 --- [    Test worker] org.hibernate.dialect.Dialect            : HHH000400: Using dialect: org.hibernate.dialect.MySQL57Dialect
Hibernate: drop table if exists posts
Hibernate: drop table if exists user
Hibernate: create table posts (id bigint not null auto_increment, created_date datetime(6), modified_date datetime(6), author varchar(255), content TEXT not null, title varchar(500) not null, primary key (id)) engine=InnoDB
Hibernate: create table user (id bigint not null auto_increment, created_date datetime(6), modified_date datetime(6), email varchar(255) not null, name varchar(255) not null, picture varchar(255), role varchar(255) not null, primary key (id)) engine=InnoDB
2021-03-01 02:08:38.499  INFO 9964 --- [    Test worker] o.h.e.t.j.p.i.JtaPlatformInitiator       : HHH000490: Using JtaPlatform implementation: [org.hibernate.engine.transaction.jta.platform.internal.NoJtaPlatform]
2021-03-01 02:08:38.499  INFO 9964 --- [    Test worker] j.LocalContainerEntityManagerFactoryBean : Initialized JPA EntityManagerFactory for persistence unit 'default'
2021-03-01 02:08:38.825  WARN 9964 --- [    Test worker] JpaBaseConfiguration$JpaWebConfiguration : spring.jpa.open-in-view is enabled by default. Therefore, database queries may be performed during view rendering. Explicitly configure spring.jpa.open-in-view to disable this warning
2021-03-01 02:08:39.116  INFO 9964 --- [    Test worker] o.s.s.web.DefaultSecurityFilterChain     : Will secure any request with [org.springframework.security.web.context.request.async.WebAsyncManagerIntegrationFilter@1f0f054e, org.springframework.security.web.context.SecurityContextPersistenceFilter@59fc0009, org.springframework.security.web.header.HeaderWriterFilter@2fffe8b5, org.springframework.security.web.authentication.logout.LogoutFilter@21d368bf, org.springframework.security.oauth2.client.web.OAuth2AuthorizationRequestRedirectFilter@58da59ae, org.springframework.security.oauth2.client.web.OAuth2LoginAuthenticationFilter@4c015ac0, org.springframework.security.web.authentication.ui.DefaultLoginPageGeneratingFilter@7b5bbf77, org.springframework.security.web.authentication.ui.DefaultLogoutPageGeneratingFilter@5bc864b3, org.springframework.security.web.savedrequest.RequestCacheAwareFilter@bbd027b, org.springframework.security.web.servletapi.SecurityContextHolderAwareRequestFilter@5bd7e9f9, org.springframework.security.web.authentication.AnonymousAuthenticationFilter@5155514d, org.springframework.security.web.session.SessionManagementFilter@22e05985, org.springframework.security.web.access.ExceptionTranslationFilter@7b8522d7, org.springframework.security.web.access.intercept.FilterSecurityInterceptor@24cc09fd]
2021-03-01 02:08:39.234  INFO 9964 --- [    Test worker] o.s.s.concurrent.ThreadPoolTaskExecutor  : Initializing ExecutorService 'applicationTaskExecutor'
2021-03-01 02:08:39.268  INFO 9964 --- [    Test worker] o.s.b.a.w.s.WelcomePageHandlerMapping    : Adding welcome page template: index
2021-03-01 02:08:39.481  INFO 9964 --- [    Test worker] o.s.b.w.embedded.tomcat.TomcatWebServer  : Tomcat started on port(s): 2413 (http) with context path ''
2021-03-01 02:08:39.483  INFO 9964 --- [    Test worker] s.a.ScheduledAnnotationBeanPostProcessor : No TaskScheduler/ScheduledExecutorService bean found for scheduled processing
2021-03-01 02:08:39.484  INFO 9964 --- [    Test worker] c.s.s.s.web.IndexControllerTest          : Started IndexControllerTest in 2.179 seconds (JVM running for 11.516)
2021-03-01 02:08:39.591  INFO 9964 --- [o-auto-1-exec-1] o.a.c.c.C.[Tomcat].[localhost].[/]       : Initializing Spring DispatcherServlet 'dispatcherServlet'
2021-03-01 02:08:39.591  INFO 9964 --- [o-auto-1-exec-1] o.s.web.servlet.DispatcherServlet        : Initializing Servlet 'dispatcherServlet'
2021-03-01 02:08:39.591  INFO 9964 --- [o-auto-1-exec-1] o.s.web.servlet.DispatcherServlet        : Completed initialization in 0 ms
Hibernate: select posts0_.id as id1_0_, posts0_.created_date as created_2_0_, posts0_.modified_date as modified3_0_, posts0_.author as author4_0_, posts0_.content as content5_0_, posts0_.title as title6_0_ from posts posts0_ order by posts0_.id DESC
]]></system-out>
  <system-err><![CDATA[]]></system-err>
</testsuite>
