<?xml version="1.0" encoding="UTF-8"?>
<testsuite name="com.sw.spring.sungwookspring.web.HelloControllerTest" tests="2" skipped="0" failures="0" errors="0" timestamp="2021-03-02T08:31:28" hostname="DESKTOP-T9AM5R6" time="0.217">
  <properties/>
  <testcase name="hello가_리턴된다()" classname="com.sw.spring.sungwookspring.web.HelloControllerTest" time="0.113"/>
  <testcase name="helloDto가_리턴된다()" classname="com.sw.spring.sungwookspring.web.HelloControllerTest" time="0.103"/>
  <system-out><![CDATA[2021-03-02 17:31:27.628  INFO 14152 --- [    Test worker] .b.t.a.w.s.WebMvcTestContextBootstrapper : Neither @ContextConfiguration nor @ContextHierarchy found for test class [com.sw.spring.sungwookspring.web.HelloControllerTest], using SpringBootContextLoader
2021-03-02 17:31:27.629  INFO 14152 --- [    Test worker] o.s.t.c.support.AbstractContextLoader    : Could not detect default resource locations for test class [com.sw.spring.sungwookspring.web.HelloControllerTest]: no resource found for suffixes {-context.xml, Context.groovy}.
2021-03-02 17:31:27.629  INFO 14152 --- [    Test worker] t.c.s.AnnotationConfigContextLoaderUtils : Could not detect default configuration classes for test class [com.sw.spring.sungwookspring.web.HelloControllerTest]: HelloControllerTest does not declare any static, non-private, non-final, nested classes annotated with @Configuration.
2021-03-02 17:31:27.654  INFO 14152 --- [    Test worker] .b.t.c.SpringBootTestContextBootstrapper : Found @SpringBootConfiguration com.sw.spring.sungwookspring.Application for test class com.sw.spring.sungwookspring.web.HelloControllerTest
2021-03-02 17:31:27.656  INFO 14152 --- [    Test worker] .b.t.a.w.s.WebMvcTestContextBootstrapper : Loaded default TestExecutionListener class names from location [META-INF/spring.factories]: [org.springframework.security.test.context.support.WithSecurityContextTestExecutionListener, org.springframework.security.test.context.support.ReactorContextTestExecutionListener, org.springframework.boot.test.autoconfigure.restdocs.RestDocsTestExecutionListener, org.springframework.boot.test.autoconfigure.web.client.MockRestServiceServerResetTestExecutionListener, org.springframework.boot.test.autoconfigure.web.servlet.MockMvcPrintOnlyOnFailureTestExecutionListener, org.springframework.boot.test.autoconfigure.web.servlet.WebDriverTestExecutionListener, org.springframework.boot.test.autoconfigure.webservices.client.MockWebServiceServerTestExecutionListener, org.springframework.boot.test.mock.mockito.MockitoTestExecutionListener, org.springframework.boot.test.mock.mockito.ResetMocksTestExecutionListener, org.springframework.test.context.web.ServletTestExecutionListener, org.springframework.test.context.support.DirtiesContextBeforeModesTestExecutionListener, org.springframework.test.context.support.DependencyInjectionTestExecutionListener, org.springframework.test.context.support.DirtiesContextTestExecutionListener, org.springframework.test.context.transaction.TransactionalTestExecutionListener, org.springframework.test.context.jdbc.SqlScriptsTestExecutionListener, org.springframework.test.context.event.EventPublishingTestExecutionListener]
2021-03-02 17:31:27.657  INFO 14152 --- [    Test worker] .b.t.a.w.s.WebMvcTestContextBootstrapper : Using TestExecutionListeners: [org.springframework.test.context.web.ServletTestExecutionListener@197dc19e, org.springframework.test.context.support.DirtiesContextBeforeModesTestExecutionListener@42fbf5e7, org.springframework.boot.test.mock.mockito.MockitoTestExecutionListener@3a8232ed, org.springframework.boot.test.autoconfigure.SpringBootDependencyInjectionTestExecutionListener@458d4656, org.springframework.test.context.support.DirtiesContextTestExecutionListener@328b0e48, org.springframework.test.context.transaction.TransactionalTestExecutionListener@2fc29133, org.springframework.test.context.jdbc.SqlScriptsTestExecutionListener@47cdb7c, org.springframework.security.test.context.support.WithSecurityContextTestExecutionListener@2bec8253, org.springframework.test.context.event.EventPublishingTestExecutionListener@417f2028, org.springframework.security.test.context.support.ReactorContextTestExecutionListener@7a0f7a3d, org.springframework.boot.test.autoconfigure.restdocs.RestDocsTestExecutionListener@18caf93b, org.springframework.boot.test.autoconfigure.web.client.MockRestServiceServerResetTestExecutionListener@57fb0e6b, org.springframework.boot.test.autoconfigure.web.servlet.MockMvcPrintOnlyOnFailureTestExecutionListener@6fbd1adc, org.springframework.boot.test.autoconfigure.web.servlet.WebDriverTestExecutionListener@6ee25b84, org.springframework.boot.test.autoconfigure.webservices.client.MockWebServiceServerTestExecutionListener@212e6442, org.springframework.boot.test.mock.mockito.ResetMocksTestExecutionListener@2e29be5a]

  .   ____          _            __ _ _
 /\\ / ___'_ __ _ _(_)_ __  __ _ \ \ \ \
( ( )\___ | '_ | '_| | '_ \/ _` | \ \ \ \
 \\/  ___)| |_)| | | | | || (_| |  ) ) ) )
  '  |____| .__|_| |_|_| |_\__, | / / / /
 =========|_|==============|___/=/_/_/_/
 :: Spring Boot ::                (v2.4.1)

2021-03-02 17:31:27.702  INFO 14152 --- [    Test worker] c.s.s.s.web.HelloControllerTest          : Starting HelloControllerTest using Java 1.8.0_281 on DESKTOP-T9AM5R6 with PID 14152 (started by jsung in C:\Users\jsung\Desktop\Spring\sungwook)
2021-03-02 17:31:27.702  INFO 14152 --- [    Test worker] c.s.s.s.web.HelloControllerTest          : The following profiles are active: oauth
2021-03-02 17:31:28.217  INFO 14152 --- [    Test worker] o.s.s.concurrent.ThreadPoolTaskExecutor  : Initializing ExecutorService 'applicationTaskExecutor'
2021-03-02 17:31:28.263  INFO 14152 --- [    Test worker] o.s.b.a.w.s.WelcomePageHandlerMapping    : Adding welcome page template: index
2021-03-02 17:31:28.672  INFO 14152 --- [    Test worker] o.s.s.web.DefaultSecurityFilterChain     : Will secure any request with [org.springframework.security.web.context.request.async.WebAsyncManagerIntegrationFilter@2bc42d07, org.springframework.security.web.context.SecurityContextPersistenceFilter@3de41226, org.springframework.security.web.header.HeaderWriterFilter@56db6031, org.springframework.security.web.csrf.CsrfFilter@28d8d7fc, org.springframework.security.web.authentication.logout.LogoutFilter@43a4433a, org.springframework.security.oauth2.client.web.OAuth2AuthorizationRequestRedirectFilter@4a3a7d07, org.springframework.security.oauth2.client.web.OAuth2AuthorizationRequestRedirectFilter@3cefa395, org.springframework.security.oauth2.client.web.OAuth2LoginAuthenticationFilter@36aca7e9, org.springframework.security.web.authentication.ui.DefaultLoginPageGeneratingFilter@358f236c, org.springframework.security.web.authentication.ui.DefaultLogoutPageGeneratingFilter@7f2b081c, org.springframework.security.web.savedrequest.RequestCacheAwareFilter@7a319d87, org.springframework.security.web.servletapi.SecurityContextHolderAwareRequestFilter@7766a018, org.springframework.security.web.authentication.AnonymousAuthenticationFilter@71ed7f4f, org.springframework.security.oauth2.client.web.OAuth2AuthorizationCodeGrantFilter@6e4c0086, org.springframework.security.web.session.SessionManagementFilter@38523a21, org.springframework.security.web.access.ExceptionTranslationFilter@56822207, org.springframework.security.web.access.intercept.FilterSecurityInterceptor@64a25c3d]
2021-03-02 17:31:28.820  INFO 14152 --- [    Test worker] o.s.b.t.m.w.SpringBootMockServletContext : Initializing Spring TestDispatcherServlet ''
2021-03-02 17:31:28.820  INFO 14152 --- [    Test worker] o.s.t.web.servlet.TestDispatcherServlet  : Initializing Servlet ''
2021-03-02 17:31:28.821  INFO 14152 --- [    Test worker] o.s.t.web.servlet.TestDispatcherServlet  : Completed initialization in 1 ms
2021-03-02 17:31:28.848  INFO 14152 --- [    Test worker] c.s.s.s.web.HelloControllerTest          : Started HelloControllerTest in 1.187 seconds (JVM running for 9.687)
]]></system-out>
  <system-err><![CDATA[]]></system-err>
</testsuite>
