<?xml version="1.0" encoding="UTF-8"?>
<testsuite name="com.sw.spring.sungwookspring.web.ProfileControllerTest" tests="1" skipped="0" failures="0" errors="0" timestamp="2021-03-02T11:29:19" hostname="DESKTOP-T9AM5R6" time="0.497">
  <properties/>
  <testcase name="profile은_인증없이_호출된다()" classname="com.sw.spring.sungwookspring.web.ProfileControllerTest" time="0.497"/>
  <system-out><![CDATA[20:29:11.548 [Test worker] DEBUG org.springframework.test.context.BootstrapUtils - Instantiating CacheAwareContextLoaderDelegate from class [org.springframework.test.context.cache.DefaultCacheAwareContextLoaderDelegate]
20:29:11.569 [Test worker] DEBUG org.springframework.test.context.BootstrapUtils - Instantiating BootstrapContext using constructor [public org.springframework.test.context.support.DefaultBootstrapContext(java.lang.Class,org.springframework.test.context.CacheAwareContextLoaderDelegate)]
20:29:11.619 [Test worker] DEBUG org.springframework.test.context.BootstrapUtils - Instantiating TestContextBootstrapper for test class [com.sw.spring.sungwookspring.web.ProfileControllerTest] from class [org.springframework.boot.test.context.SpringBootTestContextBootstrapper]
20:29:11.646 [Test worker] INFO org.springframework.boot.test.context.SpringBootTestContextBootstrapper - Neither @ContextConfiguration nor @ContextHierarchy found for test class [com.sw.spring.sungwookspring.web.ProfileControllerTest], using SpringBootContextLoader
20:29:11.653 [Test worker] DEBUG org.springframework.test.context.support.AbstractContextLoader - Did not detect default resource location for test class [com.sw.spring.sungwookspring.web.ProfileControllerTest]: class path resource [com/sw/spring/sungwookspring/web/ProfileControllerTest-context.xml] does not exist
20:29:11.653 [Test worker] DEBUG org.springframework.test.context.support.AbstractContextLoader - Did not detect default resource location for test class [com.sw.spring.sungwookspring.web.ProfileControllerTest]: class path resource [com/sw/spring/sungwookspring/web/ProfileControllerTestContext.groovy] does not exist
20:29:11.654 [Test worker] INFO org.springframework.test.context.support.AbstractContextLoader - Could not detect default resource locations for test class [com.sw.spring.sungwookspring.web.ProfileControllerTest]: no resource found for suffixes {-context.xml, Context.groovy}.
20:29:11.655 [Test worker] INFO org.springframework.test.context.support.AnnotationConfigContextLoaderUtils - Could not detect default configuration classes for test class [com.sw.spring.sungwookspring.web.ProfileControllerTest]: ProfileControllerTest does not declare any static, non-private, non-final, nested classes annotated with @Configuration.
20:29:11.708 [Test worker] DEBUG org.springframework.test.context.support.ActiveProfilesUtils - Could not find an 'annotation declaring class' for annotation type [org.springframework.test.context.ActiveProfiles] and class [com.sw.spring.sungwookspring.web.ProfileControllerTest]
20:29:11.804 [Test worker] DEBUG org.springframework.context.annotation.ClassPathScanningCandidateComponentProvider - Identified candidate component class: file [C:\Users\jsung\Desktop\Spring\sungwook\build\classes\java\main\com\sw\spring\sungwookspring\Application.class]
20:29:11.805 [Test worker] INFO org.springframework.boot.test.context.SpringBootTestContextBootstrapper - Found @SpringBootConfiguration com.sw.spring.sungwookspring.Application for test class com.sw.spring.sungwookspring.web.ProfileControllerTest
20:29:11.928 [Test worker] DEBUG org.springframework.boot.test.context.SpringBootTestContextBootstrapper - @TestExecutionListeners is not present for class [com.sw.spring.sungwookspring.web.ProfileControllerTest]: using defaults.
20:29:11.928 [Test worker] INFO org.springframework.boot.test.context.SpringBootTestContextBootstrapper - Loaded default TestExecutionListener class names from location [META-INF/spring.factories]: [org.springframework.security.test.context.support.WithSecurityContextTestExecutionListener, org.springframework.security.test.context.support.ReactorContextTestExecutionListener, org.springframework.boot.test.autoconfigure.restdocs.RestDocsTestExecutionListener, org.springframework.boot.test.autoconfigure.web.client.MockRestServiceServerResetTestExecutionListener, org.springframework.boot.test.autoconfigure.web.servlet.MockMvcPrintOnlyOnFailureTestExecutionListener, org.springframework.boot.test.autoconfigure.web.servlet.WebDriverTestExecutionListener, org.springframework.boot.test.autoconfigure.webservices.client.MockWebServiceServerTestExecutionListener, org.springframework.boot.test.mock.mockito.MockitoTestExecutionListener, org.springframework.boot.test.mock.mockito.ResetMocksTestExecutionListener, org.springframework.test.context.web.ServletTestExecutionListener, org.springframework.test.context.support.DirtiesContextBeforeModesTestExecutionListener, org.springframework.test.context.support.DependencyInjectionTestExecutionListener, org.springframework.test.context.support.DirtiesContextTestExecutionListener, org.springframework.test.context.transaction.TransactionalTestExecutionListener, org.springframework.test.context.jdbc.SqlScriptsTestExecutionListener, org.springframework.test.context.event.EventPublishingTestExecutionListener]
20:29:11.955 [Test worker] INFO org.springframework.boot.test.context.SpringBootTestContextBootstrapper - Using TestExecutionListeners: [org.springframework.test.context.web.ServletTestExecutionListener@41d46fb9, org.springframework.test.context.support.DirtiesContextBeforeModesTestExecutionListener@757262d1, org.springframework.boot.test.mock.mockito.MockitoTestExecutionListener@a874c37, org.springframework.boot.test.autoconfigure.SpringBootDependencyInjectionTestExecutionListener@34de9f72, org.springframework.test.context.support.DirtiesContextTestExecutionListener@561587f7, org.springframework.test.context.transaction.TransactionalTestExecutionListener@3017130e, org.springframework.test.context.jdbc.SqlScriptsTestExecutionListener@4117cf, org.springframework.security.test.context.support.WithSecurityContextTestExecutionListener@40243dba, org.springframework.test.context.event.EventPublishingTestExecutionListener@3a742076, org.springframework.security.test.context.support.ReactorContextTestExecutionListener@32f3cb55, org.springframework.boot.test.autoconfigure.restdocs.RestDocsTestExecutionListener@3a045dab, org.springframework.boot.test.autoconfigure.web.client.MockRestServiceServerResetTestExecutionListener@5bac7ebc, org.springframework.boot.test.autoconfigure.web.servlet.MockMvcPrintOnlyOnFailureTestExecutionListener@4040922f, org.springframework.boot.test.autoconfigure.web.servlet.WebDriverTestExecutionListener@6c454011, org.springframework.boot.test.autoconfigure.webservices.client.MockWebServiceServerTestExecutionListener@74b4a137, org.springframework.boot.test.mock.mockito.ResetMocksTestExecutionListener@4cd56883]
20:29:11.960 [Test worker] DEBUG org.springframework.test.context.support.AbstractDirtiesContextTestExecutionListener - Before test class: context [DefaultTestContext@4b3dafd8 testClass = ProfileControllerTest, testInstance = [null], testMethod = [null], testException = [null], mergedContextConfiguration = [WebMergedContextConfiguration@7f9ed45d testClass = ProfileControllerTest, locations = '{}', classes = '{class com.sw.spring.sungwookspring.Application}', contextInitializerClasses = '[]', activeProfiles = '{}', propertySourceLocations = '{}', propertySourceProperties = '{org.springframework.boot.test.context.SpringBootTestContextBootstrapper=true, server.port=0}', contextCustomizers = set[org.springframework.boot.test.autoconfigure.actuate.metrics.MetricsExportContextCustomizerFactory$DisableMetricExportContextCustomizer@547bda77, org.springframework.boot.test.autoconfigure.properties.PropertyMappingContextCustomizer@0, org.springframework.boot.test.autoconfigure.web.servlet.WebDriverContextCustomizerFactory$Customizer@33b61f2e, org.springframework.boot.test.context.filter.ExcludeFilterContextCustomizer@596964d7, org.springframework.boot.test.json.DuplicateJsonObjectContextCustomizerFactory$DuplicateJsonObjectContextCustomizer@5d136f41, org.springframework.boot.test.mock.mockito.MockitoContextCustomizer@0, org.springframework.boot.test.web.client.TestRestTemplateContextCustomizer@6ae6280a, org.springframework.boot.test.context.SpringBootTestArgs@1, org.springframework.boot.test.context.SpringBootTestWebEnvironment@37e75e3c], resourceBasePath = 'src/main/webapp', contextLoader = 'org.springframework.boot.test.context.SpringBootContextLoader', parent = [null]], attributes = map['org.springframework.test.context.web.ServletTestExecutionListener.activateListener' -> false]], class annotated with @DirtiesContext [false] with mode [null].
20:29:11.974 [Test worker] DEBUG org.springframework.test.context.support.DependencyInjectionTestExecutionListener - Performing dependency injection for test context [[DefaultTestContext@4b3dafd8 testClass = ProfileControllerTest, testInstance = com.sw.spring.sungwookspring.web.ProfileControllerTest@4926f991, testMethod = [null], testException = [null], mergedContextConfiguration = [WebMergedContextConfiguration@7f9ed45d testClass = ProfileControllerTest, locations = '{}', classes = '{class com.sw.spring.sungwookspring.Application}', contextInitializerClasses = '[]', activeProfiles = '{}', propertySourceLocations = '{}', propertySourceProperties = '{org.springframework.boot.test.context.SpringBootTestContextBootstrapper=true, server.port=0}', contextCustomizers = set[org.springframework.boot.test.autoconfigure.actuate.metrics.MetricsExportContextCustomizerFactory$DisableMetricExportContextCustomizer@547bda77, org.springframework.boot.test.autoconfigure.properties.PropertyMappingContextCustomizer@0, org.springframework.boot.test.autoconfigure.web.servlet.WebDriverContextCustomizerFactory$Customizer@33b61f2e, org.springframework.boot.test.context.filter.ExcludeFilterContextCustomizer@596964d7, org.springframework.boot.test.json.DuplicateJsonObjectContextCustomizerFactory$DuplicateJsonObjectContextCustomizer@5d136f41, org.springframework.boot.test.mock.mockito.MockitoContextCustomizer@0, org.springframework.boot.test.web.client.TestRestTemplateContextCustomizer@6ae6280a, org.springframework.boot.test.context.SpringBootTestArgs@1, org.springframework.boot.test.context.SpringBootTestWebEnvironment@37e75e3c], resourceBasePath = 'src/main/webapp', contextLoader = 'org.springframework.boot.test.context.SpringBootContextLoader', parent = [null]], attributes = map['org.springframework.test.context.web.ServletTestExecutionListener.activateListener' -> false]]].
20:29:12.004 [Test worker] DEBUG org.springframework.test.context.support.TestPropertySourceUtils - Adding inlined properties to environment: {spring.jmx.enabled=false, org.springframework.boot.test.context.SpringBootTestContextBootstrapper=true, server.port=0}

  .   ____          _            __ _ _
 /\\ / ___'_ __ _ _(_)_ __  __ _ \ \ \ \
( ( )\___ | '_ | '_| | '_ \/ _` | \ \ \ \
 \\/  ___)| |_)| | | | | || (_| |  ) ) ) )
  '  |____| .__|_| |_|_| |_\__, | / / / /
 =========|_|==============|___/=/_/_/_/
 :: Spring Boot ::                (v2.4.1)

2021-03-02 20:29:12.363  INFO 13580 --- [    Test worker] c.s.s.s.web.ProfileControllerTest        : Starting ProfileControllerTest using Java 1.8.0_281 on DESKTOP-T9AM5R6 with PID 13580 (started by jsung in C:\Users\jsung\Desktop\Spring\sungwook)
2021-03-02 20:29:12.366  INFO 13580 --- [    Test worker] c.s.s.s.web.ProfileControllerTest        : No active profile set, falling back to default profiles: default
2021-03-02 20:29:13.297  INFO 13580 --- [    Test worker] .s.d.r.c.RepositoryConfigurationDelegate : Bootstrapping Spring Data JPA repositories in DEFAULT mode.
2021-03-02 20:29:13.415  INFO 13580 --- [    Test worker] .s.d.r.c.RepositoryConfigurationDelegate : Finished Spring Data repository scanning in 104 ms. Found 2 JPA repository interfaces.
2021-03-02 20:29:14.341  INFO 13580 --- [    Test worker] o.s.b.w.embedded.tomcat.TomcatWebServer  : Tomcat initialized with port(s): 0 (http)
2021-03-02 20:29:14.358  INFO 13580 --- [    Test worker] o.apache.catalina.core.StandardService   : Starting service [Tomcat]
2021-03-02 20:29:14.358  INFO 13580 --- [    Test worker] org.apache.catalina.core.StandardEngine  : Starting Servlet engine: [Apache Tomcat/9.0.41]
2021-03-02 20:29:14.505  INFO 13580 --- [    Test worker] o.a.c.c.C.[Tomcat].[localhost].[/]       : Initializing Spring embedded WebApplicationContext
2021-03-02 20:29:14.505  INFO 13580 --- [    Test worker] w.s.c.ServletWebServerApplicationContext : Root WebApplicationContext: initialization completed in 2113 ms
2021-03-02 20:29:14.592  INFO 13580 --- [    Test worker] com.zaxxer.hikari.HikariDataSource       : HikariPool-1 - Starting...
2021-03-02 20:29:14.892  INFO 13580 --- [    Test worker] com.zaxxer.hikari.HikariDataSource       : HikariPool-1 - Start completed.
2021-03-02 20:29:14.902  INFO 13580 --- [    Test worker] o.s.b.a.h2.H2ConsoleAutoConfiguration    : H2 console available at '/h2-console'. Database available at 'jdbc:h2:mem:testdb'
2021-03-02 20:29:15.308  INFO 13580 --- [    Test worker] o.hibernate.jpa.internal.util.LogHelper  : HHH000204: Processing PersistenceUnitInfo [name: default]
2021-03-02 20:29:15.416  INFO 13580 --- [    Test worker] org.hibernate.Version                    : HHH000412: Hibernate ORM core version 5.4.25.Final
2021-03-02 20:29:15.712  INFO 13580 --- [    Test worker] o.hibernate.annotations.common.Version   : HCANN000001: Hibernate Commons Annotations {5.1.2.Final}
2021-03-02 20:29:15.907  INFO 13580 --- [    Test worker] org.hibernate.dialect.Dialect            : HHH000400: Using dialect: org.hibernate.dialect.MySQL57Dialect
Hibernate: drop table if exists posts
Hibernate: drop table if exists user
Hibernate: create table posts (id bigint not null auto_increment, created_date datetime(6), modified_date datetime(6), author varchar(255), content TEXT not null, title varchar(500) not null, primary key (id)) engine=InnoDB
Hibernate: create table user (id bigint not null auto_increment, created_date datetime(6), modified_date datetime(6), email varchar(255) not null, name varchar(255) not null, picture varchar(255), role varchar(255) not null, primary key (id)) engine=InnoDB
2021-03-02 20:29:16.871  INFO 13580 --- [    Test worker] o.h.e.t.j.p.i.JtaPlatformInitiator       : HHH000490: Using JtaPlatform implementation: [org.hibernate.engine.transaction.jta.platform.internal.NoJtaPlatform]
2021-03-02 20:29:16.884  INFO 13580 --- [    Test worker] j.LocalContainerEntityManagerFactoryBean : Initialized JPA EntityManagerFactory for persistence unit 'default'
2021-03-02 20:29:17.992  WARN 13580 --- [    Test worker] JpaBaseConfiguration$JpaWebConfiguration : spring.jpa.open-in-view is enabled by default. Therefore, database queries may be performed during view rendering. Explicitly configure spring.jpa.open-in-view to disable this warning
2021-03-02 20:29:18.737  INFO 13580 --- [    Test worker] o.s.s.web.DefaultSecurityFilterChain     : Will secure any request with [org.springframework.security.web.context.request.async.WebAsyncManagerIntegrationFilter@2b5462be, org.springframework.security.web.context.SecurityContextPersistenceFilter@7c1e5f41, org.springframework.security.web.header.HeaderWriterFilter@474ae9c8, org.springframework.security.web.authentication.logout.LogoutFilter@14bcc32, org.springframework.security.oauth2.client.web.OAuth2AuthorizationRequestRedirectFilter@3f41ad2c, org.springframework.security.oauth2.client.web.OAuth2LoginAuthenticationFilter@5679ab4, org.springframework.security.web.authentication.ui.DefaultLoginPageGeneratingFilter@11bb6729, org.springframework.security.web.authentication.ui.DefaultLogoutPageGeneratingFilter@267dfcf3, org.springframework.security.web.savedrequest.RequestCacheAwareFilter@528fb802, org.springframework.security.web.servletapi.SecurityContextHolderAwareRequestFilter@1fe6b9bf, org.springframework.security.web.authentication.AnonymousAuthenticationFilter@74c08dbc, org.springframework.security.web.session.SessionManagementFilter@40b06e0f, org.springframework.security.web.access.ExceptionTranslationFilter@2a279f20, org.springframework.security.web.access.intercept.FilterSecurityInterceptor@15f362d1]
2021-03-02 20:29:19.125  INFO 13580 --- [    Test worker] o.s.s.concurrent.ThreadPoolTaskExecutor  : Initializing ExecutorService 'applicationTaskExecutor'
2021-03-02 20:29:19.285  INFO 13580 --- [    Test worker] o.s.b.a.w.s.WelcomePageHandlerMapping    : Adding welcome page template: index
2021-03-02 20:29:19.864  INFO 13580 --- [    Test worker] o.s.b.w.embedded.tomcat.TomcatWebServer  : Tomcat started on port(s): 6348 (http) with context path ''
2021-03-02 20:29:19.887  INFO 13580 --- [    Test worker] s.a.ScheduledAnnotationBeanPostProcessor : No TaskScheduler/ScheduledExecutorService bean found for scheduled processing
2021-03-02 20:29:19.902  INFO 13580 --- [    Test worker] c.s.s.s.web.ProfileControllerTest        : Started ProfileControllerTest in 7.895 seconds (JVM running for 9.47)
2021-03-02 20:29:20.195  INFO 13580 --- [o-auto-1-exec-1] o.a.c.c.C.[Tomcat].[localhost].[/]       : Initializing Spring DispatcherServlet 'dispatcherServlet'
2021-03-02 20:29:20.195  INFO 13580 --- [o-auto-1-exec-1] o.s.web.servlet.DispatcherServlet        : Initializing Servlet 'dispatcherServlet'
2021-03-02 20:29:20.196  INFO 13580 --- [o-auto-1-exec-1] o.s.web.servlet.DispatcherServlet        : Completed initialization in 0 ms
]]></system-out>
  <system-err><![CDATA[]]></system-err>
</testsuite>
