<?xml version="1.0" encoding="UTF-8"?>
<testsuite name="com.sw.spring.sungwookspring.web.dto.HelloResponseDtoTest" tests="1" skipped="0" failures="0" errors="0" timestamp="2021-03-02T08:31:27" hostname="DESKTOP-T9AM5R6" time="0.005">
  <properties/>
  <testcase name="롬복_기능_테스트()" classname="com.sw.spring.sungwookspring.web.dto.HelloResponseDtoTest" time="0.005"/>
  <system-out><![CDATA[]]></system-out>
  <system-err><![CDATA[]]></system-err>
</testsuite>
