<?xml version="1.0" encoding="UTF-8"?>
<testsuite name="com.sw.spring.sungwookspring.web.HelloControllerTest" tests="2" skipped="0" failures="0" errors="0" timestamp="2021-03-02T11:29:23" hostname="DESKTOP-T9AM5R6" time="0.127">
  <properties/>
  <testcase name="hello가_리턴된다()" classname="com.sw.spring.sungwookspring.web.HelloControllerTest" time="0.033"/>
  <testcase name="helloDto가_리턴된다()" classname="com.sw.spring.sungwookspring.web.HelloControllerTest" time="0.093"/>
  <system-out><![CDATA[2021-03-02 20:29:22.546  INFO 13580 --- [    Test worker] .b.t.a.w.s.WebMvcTestContextBootstrapper : Neither @ContextConfiguration nor @ContextHierarchy found for test class [com.sw.spring.sungwookspring.web.HelloControllerTest], using SpringBootContextLoader
2021-03-02 20:29:22.547  INFO 13580 --- [    Test worker] o.s.t.c.support.AbstractContextLoader    : Could not detect default resource locations for test class [com.sw.spring.sungwookspring.web.HelloControllerTest]: no resource found for suffixes {-context.xml, Context.groovy}.
2021-03-02 20:29:22.547  INFO 13580 --- [    Test worker] t.c.s.AnnotationConfigContextLoaderUtils : Could not detect default configuration classes for test class [com.sw.spring.sungwookspring.web.HelloControllerTest]: HelloControllerTest does not declare any static, non-private, non-final, nested classes annotated with @Configuration.
2021-03-02 20:29:22.563  INFO 13580 --- [    Test worker] .b.t.c.SpringBootTestContextBootstrapper : Found @SpringBootConfiguration com.sw.spring.sungwookspring.Application for test class com.sw.spring.sungwookspring.web.HelloControllerTest
2021-03-02 20:29:22.564  INFO 13580 --- [    Test worker] .b.t.a.w.s.WebMvcTestContextBootstrapper : Loaded default TestExecutionListener class names from location [META-INF/spring.factories]: [org.springframework.security.test.context.support.WithSecurityContextTestExecutionListener, org.springframework.security.test.context.support.ReactorContextTestExecutionListener, org.springframework.boot.test.autoconfigure.restdocs.RestDocsTestExecutionListener, org.springframework.boot.test.autoconfigure.web.client.MockRestServiceServerResetTestExecutionListener, org.springframework.boot.test.autoconfigure.web.servlet.MockMvcPrintOnlyOnFailureTestExecutionListener, org.springframework.boot.test.autoconfigure.web.servlet.WebDriverTestExecutionListener, org.springframework.boot.test.autoconfigure.webservices.client.MockWebServiceServerTestExecutionListener, org.springframework.boot.test.mock.mockito.MockitoTestExecutionListener, org.springframework.boot.test.mock.mockito.ResetMocksTestExecutionListener, org.springframework.test.context.web.ServletTestExecutionListener, org.springframework.test.context.support.DirtiesContextBeforeModesTestExecutionListener, org.springframework.test.context.support.DependencyInjectionTestExecutionListener, org.springframework.test.context.support.DirtiesContextTestExecutionListener, org.springframework.test.context.transaction.TransactionalTestExecutionListener, org.springframework.test.context.jdbc.SqlScriptsTestExecutionListener, org.springframework.test.context.event.EventPublishingTestExecutionListener]
2021-03-02 20:29:22.565  INFO 13580 --- [    Test worker] .b.t.a.w.s.WebMvcTestContextBootstrapper : Using TestExecutionListeners: [org.springframework.test.context.web.ServletTestExecutionListener@7dc26777, org.springframework.test.context.support.DirtiesContextBeforeModesTestExecutionListener@3e02bf8a, org.springframework.boot.test.mock.mockito.MockitoTestExecutionListener@3ddd4bec, org.springframework.boot.test.autoconfigure.SpringBootDependencyInjectionTestExecutionListener@39dd0c32, org.springframework.test.context.support.DirtiesContextTestExecutionListener@57ca2da1, org.springframework.test.context.transaction.TransactionalTestExecutionListener@7c1f263d, org.springframework.test.context.jdbc.SqlScriptsTestExecutionListener@2b4a9079, org.springframework.security.test.context.support.WithSecurityContextTestExecutionListener@7a27b5be, org.springframework.test.context.event.EventPublishingTestExecutionListener@7c06287e, org.springframework.security.test.context.support.ReactorContextTestExecutionListener@792dc70d, org.springframework.boot.test.autoconfigure.restdocs.RestDocsTestExecutionListener@69b5909, org.springframework.boot.test.autoconfigure.web.client.MockRestServiceServerResetTestExecutionListener@41d69621, org.springframework.boot.test.autoconfigure.web.servlet.MockMvcPrintOnlyOnFailureTestExecutionListener@cde13bd, org.springframework.boot.test.autoconfigure.web.servlet.WebDriverTestExecutionListener@1bdcb884, org.springframework.boot.test.autoconfigure.webservices.client.MockWebServiceServerTestExecutionListener@4753e9e7, org.springframework.boot.test.mock.mockito.ResetMocksTestExecutionListener@324118b2]

  .   ____          _            __ _ _
 /\\ / ___'_ __ _ _(_)_ __  __ _ \ \ \ \
( ( )\___ | '_ | '_| | '_ \/ _` | \ \ \ \
 \\/  ___)| |_)| | | | | || (_| |  ) ) ) )
  '  |____| .__|_| |_|_| |_\__, | / / / /
 =========|_|==============|___/=/_/_/_/
 :: Spring Boot ::                (v2.4.1)

2021-03-02 20:29:22.593  INFO 13580 --- [    Test worker] c.s.s.s.web.HelloControllerTest          : Starting HelloControllerTest using Java 1.8.0_281 on DESKTOP-T9AM5R6 with PID 13580 (started by jsung in C:\Users\jsung\Desktop\Spring\sungwook)
2021-03-02 20:29:22.594  INFO 13580 --- [    Test worker] c.s.s.s.web.HelloControllerTest          : No active profile set, falling back to default profiles: default
2021-03-02 20:29:23.002  INFO 13580 --- [    Test worker] o.s.s.concurrent.ThreadPoolTaskExecutor  : Initializing ExecutorService 'applicationTaskExecutor'
2021-03-02 20:29:23.035  INFO 13580 --- [    Test worker] o.s.b.a.w.s.WelcomePageHandlerMapping    : Adding welcome page template: index
2021-03-02 20:29:23.375  INFO 13580 --- [    Test worker] o.s.s.web.DefaultSecurityFilterChain     : Will secure any request with [org.springframework.security.web.context.request.async.WebAsyncManagerIntegrationFilter@361e1a64, org.springframework.security.web.context.SecurityContextPersistenceFilter@7f152d58, org.springframework.security.web.header.HeaderWriterFilter@74bfc9f1, org.springframework.security.web.csrf.CsrfFilter@5cf8cb24, org.springframework.security.web.authentication.logout.LogoutFilter@652a9bf7, org.springframework.security.oauth2.client.web.OAuth2AuthorizationRequestRedirectFilter@34a76e66, org.springframework.security.oauth2.client.web.OAuth2AuthorizationRequestRedirectFilter@c4dda39, org.springframework.security.oauth2.client.web.OAuth2LoginAuthenticationFilter@3210233c, org.springframework.security.web.authentication.ui.DefaultLoginPageGeneratingFilter@46cecbe8, org.springframework.security.web.authentication.ui.DefaultLogoutPageGeneratingFilter@568d45, org.springframework.security.web.savedrequest.RequestCacheAwareFilter@73da13a1, org.springframework.security.web.servletapi.SecurityContextHolderAwareRequestFilter@79a0ac6a, org.springframework.security.web.authentication.AnonymousAuthenticationFilter@53940168, org.springframework.security.oauth2.client.web.OAuth2AuthorizationCodeGrantFilter@317c4dba, org.springframework.security.web.session.SessionManagementFilter@6e048da9, org.springframework.security.web.access.ExceptionTranslationFilter@2914bae9, org.springframework.security.web.access.intercept.FilterSecurityInterceptor@10c5d4cb]
2021-03-02 20:29:23.452  INFO 13580 --- [    Test worker] o.s.b.t.m.w.SpringBootMockServletContext : Initializing Spring TestDispatcherServlet ''
2021-03-02 20:29:23.452  INFO 13580 --- [    Test worker] o.s.t.web.servlet.TestDispatcherServlet  : Initializing Servlet ''
2021-03-02 20:29:23.452  INFO 13580 --- [    Test worker] o.s.t.web.servlet.TestDispatcherServlet  : Completed initialization in 0 ms
2021-03-02 20:29:23.466  INFO 13580 --- [    Test worker] c.s.s.s.web.HelloControllerTest          : Started HelloControllerTest in 0.897 seconds (JVM running for 13.034)
]]></system-out>
  <system-err><![CDATA[]]></system-err>
</testsuite>
